#-----------------------------------------------------------
# Vivado v2018.3 (64-bit)
# SW Build 2405991 on Thu Dec  6 23:38:27 MST 2018
# IP Build 2404404 on Fri Dec  7 01:43:56 MST 2018
# Start of session at: Wed Nov 24 19:42:28 2021
# Process ID: 1144
# Current directory: C:/Users/Administrator/Desktop/新建文件夹/led_display_ctrl
# Command line: vivado.exe -gui_launcher_event rodinguilauncherevent6644 C:\Users\Administrator\Desktop\新建文件夹\led_display_ctrl\led_display_ctrl.xpr
# Log file: C:/Users/Administrator/Desktop/新建文件夹/led_display_ctrl/vivado.log
# Journal file: C:/Users/Administrator/Desktop/新建文件夹/led_display_ctrl\vivado.jou
#-----------------------------------------------------------
start_gui
open_project C:/Users/Administrator/Desktop/新建文件夹/led_display_ctrl/led_display_ctrl.xpr
INFO: [Project 1-313] Project file moved from 'C:/Users/Administrator/Desktop/led_display_ctrl' since last save.
Scanning sources...
Finished scanning sources
INFO: [IP_Flow 19-234] Refreshing IP repositories
INFO: [IP_Flow 19-1704] No user IP repositories specified
INFO: [IP_Flow 19-2313] Loaded Vivado IP repository 'C:/Xilinx/Vivado/2018.3/data/ip'.
update_compile_order -fileset sources_1
open_hw
connect_hw_server
INFO: [Labtools 27-2285] Connecting to hw_server url TCP:localhost:3121
INFO: [Labtools 27-2222] Launching hw_server...
INFO: [Labtools 27-2221] Launch Output:

****** Xilinx hw_server v2018.3
  **** Build date : Dec  7 2018-00:40:27
    ** Copyright 1986-2018 Xilinx, Inc. All Rights Reserved.


ERROR: [Labtoolstcl 44-494] There is no active target available for server at localhost.
 Targets(s) ", jsn1" may be locked by another hw_server.
INFO: [Labtools 27-2285] Connecting to hw_server url TCP:rgn1:3121
ERROR: [Labtools 27-2223] Unable to connect to hw_server with URL "TCP:rgn1:3121".
Resolution: 1. Check the host name, port number and network connectivity.
2. Check to ensure the hw_server is running on the target.
ERROR: [Common 17-39] 'connect_hw_server' failed due to earlier errors.
connect_hw_server
INFO: [Labtools 27-2285] Connecting to hw_server url TCP:localhost:3121
open_hw_target
INFO: [Labtoolstcl 44-466] Opening hw_target localhost:3121/xilinx_tcf/Xilinx/Port_#0006.Hub_#0001
set_property PROGRAM.FILE {C:/Users/Administrator/Desktop/新建文件夹/led_display_ctrl/led_display_ctrl.runs/impl_1/led_display_ctrl.bit} [get_hw_devices xc7a100t_0]
current_hw_device [get_hw_devices xc7a100t_0]
refresh_hw_device -update_hw_probes false [lindex [get_hw_devices xc7a100t_0] 0]
INFO: [Labtools 27-1434] Device xc7a100t (JTAG device index = 0) is programmed with a design that has no supported debug core(s) in it.
exit
INFO: [Common 17-206] Exiting Vivado at Wed Nov 24 19:43:37 2021...
