#-----------------------------------------------------------
# Vivado v2018.3 (64-bit)
# SW Build 2405991 on Thu Dec  6 23:38:27 MST 2018
# IP Build 2404404 on Fri Dec  7 01:43:56 MST 2018
# Start of session at: Wed Nov 17 15:52:05 2021
# Process ID: 6180
# Current directory: C:/Users/Administrator/Desktop/flowing_water_lights
# Command line: vivado.exe -gui_launcher_event rodinguilauncherevent2012 C:\Users\Administrator\Desktop\flowing_water_lights\flowing_water_lights.xpr
# Log file: C:/Users/Administrator/Desktop/flowing_water_lights/vivado.log
# Journal file: C:/Users/Administrator/Desktop/flowing_water_lights\vivado.jou
#-----------------------------------------------------------
start_gui
open_project C:/Users/Administrator/Desktop/flowing_water_lights/flowing_water_lights.xpr
Scanning sources...
Finished scanning sources
INFO: [IP_Flow 19-234] Refreshing IP repositories
INFO: [IP_Flow 19-1704] No user IP repositories specified
INFO: [IP_Flow 19-2313] Loaded Vivado IP repository 'C:/Xilinx/Vivado/2018.3/data/ip'.
update_compile_order -fileset sources_1
exit
INFO: [Common 17-206] Exiting Vivado at Wed Nov 17 15:52:38 2021...
