Vivado Simulator 2018.3
Time resolution is 1 ps
Block Memory Generator module testbench.u_memory_top.u_led_mem.inst.native_mem_module.blk_mem_gen_v8_4_2_inst is using a behavioral model for simulation which will not precisely model memory collision behavior.
index e finished
====================================
Test end!
----PASS!!!
$finish called at time : 147095 ns : File "C:/Users/Administrator/Desktop/memory_top/testbench.v" Line 111
wrong at index 0
=====================================
Test end!
----FAIL!!!
reference  : xxxx
test module: ffff
$finish called at time : 157195 ns : File "C:/Users/Administrator/Desktop/memory_top/testbench.v" Line 121
wrong at index 0
=====================================
Test end!
----FAIL!!!
reference  : xxxx
test module: ffff
$finish called at time : 157295 ns : File "C:/Users/Administrator/Desktop/memory_top/testbench.v" Line 121
wrong at index 0
=====================================
Test end!
----FAIL!!!
reference  : xxxx
test module: ffff
$finish called at time : 157395 ns : File "C:/Users/Administrator/Desktop/memory_top/testbench.v" Line 121
wrong at index 0
=====================================
Test end!
----FAIL!!!
reference  : xxxx
test module: ffff
$finish called at time : 157495 ns : File "C:/Users/Administrator/Desktop/memory_top/testbench.v" Line 121
wrong at index 0
=====================================
Test end!
----FAIL!!!
reference  : xxxx
test module: ffff
$finish called at time : 157595 ns : File "C:/Users/Administrator/Desktop/memory_top/testbench.v" Line 121
wrong at index 0
=====================================
Test end!
----FAIL!!!
reference  : xxxx
test module: ffff
$finish called at time : 157695 ns : File "C:/Users/Administrator/Desktop/memory_top/testbench.v" Line 121
wrong at index 0
=====================================
Test end!
----FAIL!!!
reference  : xxxx
test module: ffff
$finish called at time : 157795 ns : File "C:/Users/Administrator/Desktop/memory_top/testbench.v" Line 121
wrong at index 0
=====================================
Test end!
----FAIL!!!
reference  : xxxx
test module: ffff
$finish called at time : 157895 ns : File "C:/Users/Administrator/Desktop/memory_top/testbench.v" Line 121
wrong at index 0
=====================================
Test end!
----FAIL!!!
reference  : xxxx
test module: ffff
$finish called at time : 157995 ns : File "C:/Users/Administrator/Desktop/memory_top/testbench.v" Line 121
wrong at index 0
=====================================
Test end!
----FAIL!!!
reference  : xxxx
test module: ffff
$finish called at time : 158095 ns : File "C:/Users/Administrator/Desktop/memory_top/testbench.v" Line 121
wrong at index 0
=====================================
Test end!
----FAIL!!!
reference  : xxxx
test module: ffff
$finish called at time : 158195 ns : File "C:/Users/Administrator/Desktop/memory_top/testbench.v" Line 121
wrong at index 0
=====================================
Test end!
----FAIL!!!
reference  : xxxx
test module: ffff
$finish called at time : 158295 ns : File "C:/Users/Administrator/Desktop/memory_top/testbench.v" Line 121
wrong at index 0
=====================================
Test end!
----FAIL!!!
reference  : xxxx
test module: ffff
$finish called at time : 158395 ns : File "C:/Users/Administrator/Desktop/memory_top/testbench.v" Line 121
wrong at index 0
=====================================
Test end!
----FAIL!!!
reference  : xxxx
test module: ffff
$finish called at time : 158495 ns : File "C:/Users/Administrator/Desktop/memory_top/testbench.v" Line 121
wrong at index 0
=====================================
Test end!
----FAIL!!!
reference  : xxxx
test module: ffff
$finish called at time : 158595 ns : File "C:/Users/Administrator/Desktop/memory_top/testbench.v" Line 121
wrong at index 0
=====================================
Test end!
----FAIL!!!
reference  : xxxx
test module: ffff
$finish called at time : 158695 ns : File "C:/Users/Administrator/Desktop/memory_top/testbench.v" Line 121
wrong at index 0
=====================================
Test end!
----FAIL!!!
reference  : xxxx
test module: ffff
$finish called at time : 158795 ns : File "C:/Users/Administrator/Desktop/memory_top/testbench.v" Line 121
wrong at index 0
=====================================
Test end!
----FAIL!!!
reference  : xxxx
test module: ffff
$finish called at time : 158895 ns : File "C:/Users/Administrator/Desktop/memory_top/testbench.v" Line 121
wrong at index 0
=====================================
Test end!
----FAIL!!!
reference  : xxxx
test module: ffff
$finish called at time : 158995 ns : File "C:/Users/Administrator/Desktop/memory_top/testbench.v" Line 121
wrong at index 0
=====================================
Test end!
----FAIL!!!
reference  : xxxx
test module: ffff
$finish called at time : 159095 ns : File "C:/Users/Administrator/Desktop/memory_top/testbench.v" Line 121
wrong at index 0
=====================================
Test end!
----FAIL!!!
reference  : xxxx
test module: ffff
$finish called at time : 159195 ns : File "C:/Users/Administrator/Desktop/memory_top/testbench.v" Line 121
wrong at index 0
=====================================
Test end!
----FAIL!!!
reference  : xxxx
test module: ffff
$finish called at time : 159295 ns : File "C:/Users/Administrator/Desktop/memory_top/testbench.v" Line 121
wrong at index 0
=====================================
Test end!
----FAIL!!!
reference  : xxxx
test module: ffff
$finish called at time : 159395 ns : File "C:/Users/Administrator/Desktop/memory_top/testbench.v" Line 121
wrong at index 0
=====================================
Test end!
----FAIL!!!
reference  : xxxx
test module: ffff
$finish called at time : 159495 ns : File "C:/Users/Administrator/Desktop/memory_top/testbench.v" Line 121
wrong at index 0
=====================================
Test end!
----FAIL!!!
reference  : xxxx
test module: ffff
$finish called at time : 159595 ns : File "C:/Users/Administrator/Desktop/memory_top/testbench.v" Line 121
wrong at index 0
=====================================
Test end!
----FAIL!!!
reference  : xxxx
test module: ffff
$finish called at time : 159695 ns : File "C:/Users/Administrator/Desktop/memory_top/testbench.v" Line 121
