#
# A fatal error has been detected by the Java Runtime Environment:
#
#  EXCEPTION_UNCAUGHT_CXX_EXCEPTION (0xe06d7363) at pc=0x00007ffaa077a388, pid=14108, tid=14192
#
# JRE version: Java(TM) SE Runtime Environment (9.0+11) (build 9.0.4+11)
# Java VM: Java HotSpot(TM) 64-Bit Server VM (9.0.4+11, mixed mode, tiered, compressed oops, g1 gc, windows-amd64)
# Problematic frame:
# C  [KERNELBASE.dll+0x3a388]
#
# No core dump will be written. Minidumps are not enabled by default on client versions of Windows
#
# If you would like to submit a bug report, please visit:
#   http://bugreport.java.com/bugreport/crash.jsp
# The crash happened outside the Java Virtual Machine in native code.
# See problematic frame for where to report the bug.
#

---------------  S U M M A R Y ------------

Command Line: -Dsun.java2d.pmoffscreen=false -Dsun.java2d.xrender=false -Dsun.java2d.d3d=false -Dsun.awt.nopixfmt=true -Dsun.java2d.dpiaware=true -Dsun.java2d.uiScale.enabled=false -Xverify:none -Dswing.aatext=true -XX:-UsePerfData -Djdk.map.althashing.threshold=512 -XX:StringTableSize=4072 --add-opens=java.base/java.nio=ALL-UNNAMED --add-opens=java.desktop/sun.swing=ALL-UNNAMED --add-opens=java.desktop/javax.swing=ALL-UNNAMED --add-opens=java.desktop/javax.swing.tree=ALL-UNNAMED --add-opens=java.desktop/javax.swing.plaf.basic=ALL-UNNAMED --add-opens=java.desktop/javax.swing.plaf.synth=ALL-UNNAMED --add-opens=java.desktop/com.sun.awt=ALL-UNNAMED -XX:NewSize=60m -XX:MaxNewSize=60m -Xms128m -Xmx3072m -Xss5m 

Host: Intel(R) Core(TM) i7-8700 CPU @ 3.20GHz, 12 cores, 15G,  Windows 10 , 64 bit Build 17134 (10.0.17134.753)
Time: Fri Nov 12 18:24:19 2021 ?D1¨²¡À¨º¡Á?¨º¡À?? elapsed time: 1296 seconds (0d 0h 21m 36s)

---------------  T H R E A D  ---------------

Current thread (0x0000027b74a92000):  JavaThread "AWT-EventQueue-1" [_thread_in_native, id=14192, stack(0x000000bc9a500000,0x000000bc9aa00000)]

Stack: [0x000000bc9a500000,0x000000bc9aa00000],  sp=0x000000bc9a9f9370,  free space=5092k
Native frames: (J=compiled Java code, j=interpreted, Vv=VM code, C=native code)
C  [KERNELBASE.dll+0x3a388]
C  [VCRUNTIME140.dll+0x4462]
C  [librdi_common.dll+0x56d20b]
C  [MSVCP140.dll+0x18307]
C  [ucrtbase.dll+0x6858c]
C  [librdi_common.dll+0x723ca7]
C  [librdi_common.dll+0x1293b9]
C  0x00007ffa377e3c1a
C  0x0000027b62d6993a

Java frames: (J=compiled Java code, j=interpreted, Vv=VM code)
J 23754  ui.data.labtools.lthwdatai.HWSysMonSensor_getMinRegister(J)Ljava/lang/String; (0 bytes) @ 0x0000027b62d698a1 [0x0000027b62d69860+0x0000000000000041]
J 24013 c1 ui.data.labtools.f.g.bkM()D (63 bytes) @ 0x0000027b5d4ea8b4 [0x0000027b5d4ea6e0+0x00000000000001d4]
J 24012 c1 ui.views.v.f.e.fKe()V (156 bytes) @ 0x0000027b5ccf60d4 [0x0000027b5ccf58a0+0x0000000000000834]
J 24010 c1 ui.views.v.f.e.fGl()V (71 bytes) @ 0x0000027b5ccdb47c [0x0000027b5ccdb1a0+0x00000000000002dc]
J 23917 c1 ui.views.v.a.d.e$$Lambda$302.run()V (8 bytes) @ 0x0000027b5c835dec [0x0000027b5c835be0+0x000000000000020c]
J 14798 c2 java.awt.EventQueue$3.run()Ljava/lang/Object; java.desktop@9.0.4 (5 bytes) @ 0x0000027b63017a4c [0x0000027b63017500+0x000000000000054c]
v  ~StubRoutines::call_stub
J 4036  java.security.AccessController.doPrivileged(Ljava/security/PrivilegedAction;Ljava/security/AccessControlContext;)Ljava/lang/Object; java.base@9.0.4 (0 bytes) @ 0x0000027b624ad346 [0x0000027b624ad2e0+0x0000000000000066]
J 14466 c2 ui.frmwork.b.d.dispatchEvent(Ljava/awt/AWTEvent;)V (34 bytes) @ 0x0000027b62f9a58c [0x0000027b62f9a020+0x000000000000056c]
J 18959 c2 java.awt.EventDispatchThread.pumpOneEventForFilters(I)V java.desktop@9.0.4 (218 bytes) @ 0x0000027b634fdc4c [0x0000027b634fd8a0+0x00000000000003ac]
J 23986 c2 java.awt.EventDispatchThread.pumpEventsForFilter(ILjava/awt/Conditional;Ljava/awt/EventFilter;)V java.desktop@9.0.4 (47 bytes) @ 0x0000027b630b1e4c [0x0000027b630b1c60+0x00000000000001ec]
j  java.awt.EventDispatchThread.pumpEventsForFilter(Ljava/awt/Conditional;Ljava/awt/EventFilter;)V+4 java.desktop@9.0.4
j  java.awt.WaitDispatchSupport$2.run()V+59 java.desktop@9.0.4
j  java.awt.WaitDispatchSupport$4.run()Ljava/lang/Void;+4 java.desktop@9.0.4
j  java.awt.WaitDispatchSupport$4.run()Ljava/lang/Object;+1 java.desktop@9.0.4
v  ~StubRoutines::call_stub
J 944  java.security.AccessController.doPrivileged(Ljava/security/PrivilegedAction;)Ljava/lang/Object; java.base@9.0.4 (0 bytes) @ 0x0000027b622c3db2 [0x0000027b622c3d60+0x0000000000000052]
j  java.awt.WaitDispatchSupport.enter()Z+260 java.desktop@9.0.4
j  java.awt.Dialog.show()V+225 java.desktop@9.0.4
J 12274 c1 java.awt.Component.setVisible(Z)V java.desktop@9.0.4 (6 bytes) @ 0x0000027b5c7564cc [0x0000027b5c7562e0+0x00000000000001ec]
j  java.awt.Window.setVisible(Z)V+2 java.desktop@9.0.4
j  java.awt.Dialog.setVisible(Z)V+2 java.desktop@9.0.4
j  ui.b.c.g.setVisible(Z)V+2
j  ui.b.c.bx.showDialog()V+64
j  ui.b.c.bE.cV()V+4
j  ui.b.c.bE$$Lambda$246.run()V+4
J 14798 c2 java.awt.EventQueue$3.run()Ljava/lang/Object; java.desktop@9.0.4 (5 bytes) @ 0x0000027b63017a4c [0x0000027b63017500+0x000000000000054c]
v  ~StubRoutines::call_stub
J 4036  java.security.AccessController.doPrivileged(Ljava/security/PrivilegedAction;Ljava/security/AccessControlContext;)Ljava/lang/Object; java.base@9.0.4 (0 bytes) @ 0x0000027b624ad346 [0x0000027b624ad2e0+0x0000000000000066]
J 14466 c2 ui.frmwork.b.d.dispatchEvent(Ljava/awt/AWTEvent;)V (34 bytes) @ 0x0000027b62f9a58c [0x0000027b62f9a020+0x000000000000056c]
J 18959 c2 java.awt.EventDispatchThread.pumpOneEventForFilters(I)V java.desktop@9.0.4 (218 bytes) @ 0x0000027b634fdc4c [0x0000027b634fd8a0+0x00000000000003ac]
J 23829% c2 java.awt.EventDispatchThread.pumpEventsForFilter(ILjava/awt/Conditional;Ljava/awt/EventFilter;)V java.desktop@9.0.4 (47 bytes) @ 0x0000027b62e18df8 [0x0000027b62e18ce0+0x0000000000000118]
j  java.awt.EventDispatchThread.pumpEventsForHierarchy(ILjava/awt/Conditional;Ljava/awt/Component;)V+11 java.desktop@9.0.4
j  java.awt.EventDispatchThread.pumpEvents(ILjava/awt/Conditional;)V+4 java.desktop@9.0.4
j  java.awt.EventDispatchThread.pumpEvents(Ljava/awt/Conditional;)V+3 java.desktop@9.0.4
j  java.awt.EventDispatchThread.run()V+9 java.desktop@9.0.4
v  ~StubRoutines::call_stub

siginfo: EXCEPTION_UNCAUGHT_CXX_EXCEPTION (0xe06d7363), ExceptionInformation=0x0000000019930520 0x000000bc9a9f94f0 0x00007ffa6e6ee2b8 0x00007ffa6dbb0000 


Register to memory mapping:

RIP=0x00007ffaa077a388 KERNELBASE.dll
RAX=0x000000070421fa98 is an oop
ui.b.t.h.e 
{0x000000070421fa98} - klass: 'ui/b/t/h/e'
RBX=0x00007ffa6e11d1c0 librdi_common.dll
RCX=0x0000000700000001 is pointing into object: 0x0000000700000000
java.lang.Class 
{0x0000000700000000} - klass: 'java/lang/Class'
RDX=0x0000000700b5b238 is an oop
sun.awt.AppContext 
{0x0000000700b5b238} - klass: 'sun/awt/AppContext'
RSP=0x000000bc9a9f9370 is pointing into the stack for thread: 0x0000027b74a92000
RBP=0x000000bc9a9f94b0 is pointing into the stack for thread: 0x0000027b74a92000
RSI=0x00007ffa6e6ee2b8 librdi_common.dll
RDI=0x6c706d692f736e75 is an unknown value
R8 =0x000002580000012c is an unknown value
R9 =0x000000070421fa98 is an oop
ui.b.t.h.e 
{0x000000070421fa98} - klass: 'ui/b/t/h/e'
R10=0x0000027b62e982ec is at entry_point+460 in (nmethod*)0x0000027b62e97f90
R11=0x000000070421fa98 is an oop
ui.b.t.h.e 
{0x000000070421fa98} - klass: 'ui/b/t/h/e'
R12=0x0000000000000000 is an unknown value
R13=0x00000000e0009de5 is an unknown value
R14=0x000000bc9a9f94f0 is pointing into the stack for thread: 0x0000027b74a92000
R15=0x0000027b5389d510 is an unknown value


Registers:
RAX=0x000000070421fa98, RBX=0x00007ffa6e11d1c0, RCX=0x0000000700000001, RDX=0x0000000700b5b238
RSP=0x000000bc9a9f9370, RBP=0x000000bc9a9f94b0, RSI=0x00007ffa6e6ee2b8, RDI=0x6c706d692f736e75
R8 =0x000002580000012c, R9 =0x000000070421fa98, R10=0x0000027b62e982ec, R11=0x000000070421fa98
R12=0x0000000000000000, R13=0x00000000e0009de5, R14=0x000000bc9a9f94f0, R15=0x0000027b5389d510
RIP=0x00007ffaa077a388, EFLAGS=0x0000000000000202

Top of Stack: (sp=0x000000bc9a9f9370)
0x000000bc9a9f9370:   000000071037cfa4 00007ffa6e11d1c0
0x000000bc9a9f9380:   00007ffa6e6ee2b8 6c706d692f736e75
0x000000bc9a9f9390:   00000001e06d7363 0000000000000000
0x000000bc9a9f93a0:   00007ffaa077a388 0000000000000004
0x000000bc9a9f93b0:   0000000019930520 000000bc9a9f94f0
0x000000bc9a9f93c0:   00007ffa6e6ee2b8 00007ffa6dbb0000
0x000000bc9a9f93d0:   000000bc9a9f94f0 0000000000000000
0x000000bc9a9f93e0:   6c706d692f736e75 00007ffa6e6ee2b8
0x000000bc9a9f93f0:   000000bc9a9f94b0 00007ffaa45f0f6f
0x000000bc9a9f9400:   000000bc9a9f94d0 00007ffa00000000
0x000000bc9a9f9410:   0000000000000000 0000000000000000
0x000000bc9a9f9420:   00007ffa6e9b6000 00007ffa6dbb0000
0x000000bc9a9f9430:   0000a84c6d1da8e4 000000071037cfe0
0x000000bc9a9f9440:   00007ffa6e11d1c0 00007ffa99104462
0x000000bc9a9f9450:   00000007042305b0 00000007c02e5a20
0x000000bc9a9f9460:   0000027b48a80000 000000bc9a9f98a0 

Instructions: (pc=0x00007ffaa077a388)
0x00007ffaa077a368:   49 8b d1 44 0f 47 c0 44 89 44 24 38 49 c1 e0 03
0x00007ffaa077a378:   e8 3a 47 04 00 48 8d 4c 24 20 ff 15 30 83 14 00
0x00007ffaa077a388:   48 8b 8c 24 c0 00 00 00 48 33 cc e8 48 06 04 00
0x00007ffaa077a398:   48 81 c4 d8 00 00 00 c3 83 64 24 38 00 eb d6 cc 



---------------  P R O C E S S  ---------------

Java Threads: ( => current thread )
  0x0000027b7480f000 JavaThread "Auto Connect" [_thread_blocked, id=15072, stack(0x000000bca0700000,0x000000bca0c00000)]
  0x0000027b74810800 JavaThread "Image Fetcher 3" daemon [_thread_blocked, id=7384, stack(0x000000bca0200000,0x000000bca0700000)]
  0x0000027b74816000 JavaThread "Thread-1414" [_thread_in_native, id=7328, stack(0x000000bc9b900000,0x000000bc9ba00000)]
  0x0000027b74814800 JavaThread "Thread-877" [_thread_in_native, id=15884, stack(0x000000bc9b900000,0x000000bc9ba00000)]
  0x0000027b74813800 JavaThread "Swing-Shell" daemon [_thread_blocked, id=8876, stack(0x000000bc9fd00000,0x000000bca0200000)]
  0x0000027b01d33000 JavaThread "Thread-692" [_thread_in_native, id=11120, stack(0x000000bc99700000,0x000000bc99800000)]
  0x0000027b01d3a000 JavaThread "Thread-570" [_thread_in_native, id=2856, stack(0x000000bc99800000,0x000000bc99900000)]
  0x0000027b01d2f800 JavaThread "Thread-414" [_thread_in_native, id=14768, stack(0x000000bc9e400000,0x000000bc9e500000)]
  0x0000027b01d39000 JavaThread "Thread-356" [_thread_in_native, id=15544, stack(0x000000bc9e400000,0x000000bc9e500000)]
  0x0000027b01d37800 JavaThread "Thread-240" [_thread_in_native, id=14308, stack(0x000000bc9ef00000,0x000000bc9f000000)]
  0x0000027b50a5f000 JavaThread "Thread-170" [_thread_in_native, id=10204, stack(0x000000bc9ef00000,0x000000bc9f000000)]
  0x0000027b01d36000 JavaThread "Thread-112" [_thread_in_native, id=10140, stack(0x000000bc9ed00000,0x000000bc9ee00000)]
  0x0000027b01d37000 JavaThread "Thread-75" [_thread_in_native, id=6756, stack(0x000000bc9b900000,0x000000bc9ba00000)]
  0x0000027b01d34800 JavaThread "Thread-39" [_thread_in_native, id=2816, stack(0x000000bc9f200000,0x000000bc9f300000)]
  0x0000027b01d35800 JavaThread "Monitor File Timestamp Swing Worker" [_thread_blocked, id=11068, stack(0x000000bc9f800000,0x000000bc9fd00000)]
  0x0000027b01d34000 JavaThread "Timer-0" [_thread_blocked, id=11740, stack(0x000000bc9f300000,0x000000bc9f800000)]
  0x0000027b01d2c800 JavaThread "SyntheticaAnimation 50" daemon [_thread_blocked, id=7100, stack(0x000000bc9cb00000,0x000000bc9d000000)]
  0x0000027b01d2d000 JavaThread "hw_ila_monitor" [_thread_blocked, id=15692, stack(0x000000bc9df00000,0x000000bc9e400000)]
  0x0000027b781d2000 JavaThread "Update Runs Swing Worker" [_thread_blocked, id=14288, stack(0x000000bc9da00000,0x000000bc9df00000)]
  0x0000027b50a63000 JavaThread "Refresh Filesets Swing Worker" [_thread_blocked, id=14268, stack(0x000000bc9d500000,0x000000bc9da00000)]
  0x0000027b50a62000 JavaThread "SyntheticaAnimation 70" daemon [_thread_blocked, id=13956, stack(0x000000bc9d000000,0x000000bc9d500000)]
  0x0000027b50a5e800 JavaThread "SyntheticaAnimation 25" daemon [_thread_blocked, id=13864, stack(0x000000bc9c600000,0x000000bc9cb00000)]
  0x0000027b50a5d800 JavaThread "SyntheticaAnimation 50" daemon [_thread_blocked, id=14144, stack(0x000000bc9c100000,0x000000bc9c600000)]
  0x0000027b50a60000 JavaThread "Monitor HEventQueue" [_thread_blocked, id=13940, stack(0x000000bc9bc00000,0x000000bc9c100000)]
  0x0000027b50a5d000 JavaThread "Batik CleanerThread" daemon [_thread_blocked, id=14124, stack(0x000000bc9af00000,0x000000bc9b400000)]
  0x0000027b50a61800 JavaThread "Image Animator 3" daemon [_thread_blocked, id=13916, stack(0x000000bc9aa00000,0x000000bc9af00000)]
  0x0000027b50a60800 JavaThread "SyntheticaCleanerThread" daemon [_thread_blocked, id=14292, stack(0x000000bc99b00000,0x000000bc9a000000)]
=>0x0000027b74a92000 JavaThread "AWT-EventQueue-1" [_thread_in_native, id=14192, stack(0x000000bc9a500000,0x000000bc9aa00000)]
  0x0000027b74451800 JavaThread "Process Messages" [_thread_blocked, id=14152, stack(0x000000bc9a000000,0x000000bc9a500000)]
  0x0000027b7463d800 JavaThread "Thread-1" [_thread_in_native, id=14252, stack(0x000000bc92900000,0x000000bc93d00000)]
  0x0000027b74877800 JavaThread "TimerQueue" daemon [_thread_blocked, id=14156, stack(0x000000bc99100000,0x000000bc99600000)]
  0x0000027b74021000 JavaThread "AWT-Windows" daemon [_thread_in_native, id=14208, stack(0x000000bc98c00000,0x000000bc99100000)]
  0x0000027b7431c000 JavaThread "AWT-Shutdown" [_thread_blocked, id=13648, stack(0x000000bc98700000,0x000000bc98c00000)]
  0x0000027b7408f000 JavaThread "Java2D Disposer" daemon [_thread_blocked, id=13996, stack(0x000000bc98200000,0x000000bc98700000)]
  0x0000027b50bf7800 JavaThread "Service Thread" daemon [_thread_blocked, id=14160, stack(0x000000bc97c00000,0x000000bc98100000)]
  0x0000027b50ad4000 JavaThread "Common-Cleaner" daemon [_thread_blocked, id=14300, stack(0x000000bc97700000,0x000000bc97c00000)]
  0x0000027b50a63800 JavaThread "Sweeper thread" daemon [_thread_blocked, id=14296, stack(0x000000bc97200000,0x000000bc97700000)]
  0x0000027b50a58000 JavaThread "C1 CompilerThread3" daemon [_thread_blocked, id=13988, stack(0x000000bc97100000,0x000000bc97200000)]
  0x0000027b4f6ef800 JavaThread "C2 CompilerThread2" daemon [_thread_blocked, id=13888, stack(0x000000bc97000000,0x000000bc97100000)]
  0x0000027b4f8f2800 JavaThread "C2 CompilerThread1" daemon [_thread_blocked, id=14028, stack(0x000000bc96f00000,0x000000bc97000000)]
  0x0000027b4f8f0800 JavaThread "C2 CompilerThread0" daemon [_thread_blocked, id=14132, stack(0x000000bc96e00000,0x000000bc96f00000)]
  0x0000027b53525800 JavaThread "Attach Listener" daemon [_thread_blocked, id=13972, stack(0x000000bc96900000,0x000000bc96e00000)]
  0x0000027b4f8e3000 JavaThread "Signal Dispatcher" daemon [_thread_blocked, id=13860, stack(0x000000bc96400000,0x000000bc96900000)]
  0x0000027b4f8e0000 JavaThread "Finalizer" daemon [_thread_blocked, id=13944, stack(0x000000bc95f00000,0x000000bc96400000)]
  0x0000027b4f8de000 JavaThread "Reference Handler" daemon [_thread_blocked, id=14100, stack(0x000000bc95a00000,0x000000bc95f00000)]
  0x0000027b531ef000 JavaThread "main" [_thread_blocked, id=13892, stack(0x000000bc92800000,0x000000bc92900000)]

Other Threads:
  0x0000027b4f409800 VMThread "VM Thread" [stack: 0x000000bc95900000,0x000000bc95a00000] [id=14172]
  0x0000027b50c89000 WatcherThread [stack: 0x000000bc98100000,0x000000bc98200000] [id=14036]
  0x0000027b4ed21800 GCTaskThread "GC Thread#0" [stack: 0x000000bc94000000,0x000000bc94100000] [id=14228]
  0x0000027b4e5df800 GCTaskThread "GC Thread#1" [stack: 0x000000bc94100000,0x000000bc94200000] [id=14272]
  0x0000027b4fcdd800 GCTaskThread "GC Thread#2" [stack: 0x000000bc94200000,0x000000bc94300000] [id=14140]
  0x0000027b4fcde000 GCTaskThread "GC Thread#3" [stack: 0x000000bc94300000,0x000000bc94400000] [id=14224]
  0x0000027b4fcde800 GCTaskThread "GC Thread#4" [stack: 0x000000bc94400000,0x000000bc94500000] [id=13904]
  0x0000027b4f8d5800 GCTaskThread "GC Thread#5" [stack: 0x000000bc94500000,0x000000bc94600000] [id=14180]
  0x0000027b531eb000 GCTaskThread "GC Thread#6" [stack: 0x000000bc94600000,0x000000bc94700000] [id=13464]
  0x0000027b4e83e000 GCTaskThread "GC Thread#7" [stack: 0x000000bc94700000,0x000000bc94800000] [id=14088]
  0x0000027b4ed6a800 GCTaskThread "GC Thread#8" [stack: 0x000000bc94800000,0x000000bc94900000] [id=14196]
  0x0000027b4ed6b800 GCTaskThread "GC Thread#9" [stack: 0x000000bc94900000,0x000000bc94a00000] [id=14060]
  0x0000027b4ef84800 ConcurrentGCThread "G1 Main Marker" [stack: 0x000000bc95500000,0x000000bc95600000] [id=14256]
  0x0000027b4ef85000 ConcurrentGCThread "G1 Marker#0" [stack: 0x000000bc95600000,0x000000bc95700000] [id=14136]
  0x0000027b4ef8a000 ConcurrentGCThread "G1 Marker#1" [stack: 0x000000bc95700000,0x000000bc95800000] [id=14040]
  0x0000027b4ef8a800 ConcurrentGCThread "G1 Marker#2" [stack: 0x000000bc95800000,0x000000bc95900000] [id=13900]
  0x0000027b4e3e2000 ConcurrentGCThread "G1 Refine#0" [stack: 0x000000bc95300000,0x000000bc95400000] [id=14000]
  0x0000027b4e3e1000 ConcurrentGCThread "G1 Refine#1" [stack: 0x000000bc95200000,0x000000bc95300000] [id=14016]
  0x0000027b4f276800 ConcurrentGCThread "G1 Refine#2" [stack: 0x000000bc95100000,0x000000bc95200000] [id=14112]
  0x0000027b4f273800 ConcurrentGCThread "G1 Refine#3" [stack: 0x000000bc95000000,0x000000bc95100000] [id=14012]
  0x0000027b4f273000 ConcurrentGCThread "G1 Refine#4" [stack: 0x000000bc94f00000,0x000000bc95000000] [id=14216]
  0x0000027b4f272000 ConcurrentGCThread "G1 Refine#5" [stack: 0x000000bc94e00000,0x000000bc94f00000] [id=14020]
  0x0000027b4f271000 ConcurrentGCThread "G1 Refine#6" [stack: 0x000000bc94d00000,0x000000bc94e00000] [id=14024]
  0x0000027b4ed6e000 ConcurrentGCThread "G1 Refine#7" [stack: 0x000000bc94c00000,0x000000bc94d00000] [id=14076]
  0x0000027b4ed6d800 ConcurrentGCThread "G1 Refine#8" [stack: 0x000000bc94b00000,0x000000bc94c00000] [id=13884]
  0x0000027b4ed6c800 ConcurrentGCThread "G1 Refine#9" [stack: 0x000000bc94a00000,0x000000bc94b00000] [id=14176]
  0x0000027b4e3e2800 ConcurrentGCThread "G1 Young RemSet Sampling" [stack: 0x000000bc95400000,0x000000bc95500000] [id=14168]

Threads with active compile tasks:

VM state:not at safepoint (normal execution)

VM Mutex/Monitor currently owned by a thread: None

Heap address: 0x0000000700000000, size: 3072 MB, Compressed Oops mode: Zero based, Oop shift amount: 3
Narrow klass base: 0x0000000000000000, Narrow klass shift: 3
Compressed class space size: 1073741824 Address: 0x00000007c0000000

Heap:
 garbage-first heap   total 287744K, used 114525K [0x0000000700000000, 0x00000007001008c8, 0x00000007c0000000)
  region size 1024K, 27 young (27648K), 5 survivors (5120K)
 Metaspace       used 90997K, capacity 97826K, committed 98176K, reserved 1134592K
  class space    used 12672K, capacity 13857K, committed 13952K, reserved 1048576K
Heap Regions: E=young(eden), S=young(survivor), O=old, HS=humongous(starts), HC=humongous(continues), CS=collection set, F=free, A=archive, TS=gc time stamp, AC=allocation context, TAMS=top-at-mark-start (previous, next)
|   0|0x0000000700000000, 0x00000007000fc2d0, 0x0000000700100000| 98%| O|  |TS  0|AC  0|TAMS 0x0000000700000000, 0x0000000700000000|
|   1|0x0000000700100000, 0x0000000700200000, 0x0000000700200000|100%|HS|  |TS  0|AC  0|TAMS 0x0000000700100000, 0x0000000700100000|
|   2|0x0000000700200000, 0x0000000700300000, 0x0000000700300000|100%|HC|  |TS  0|AC  0|TAMS 0x0000000700200000, 0x0000000700200000|
|   3|0x0000000700300000, 0x0000000700400000, 0x0000000700400000|100%|HS|  |TS  0|AC  0|TAMS 0x0000000700300000, 0x0000000700300000|
|   4|0x0000000700400000, 0x00000007004fffe0, 0x0000000700500000| 99%| O|  |TS  0|AC  0|TAMS 0x0000000700400000, 0x0000000700400000|
|   5|0x0000000700500000, 0x00000007005ffff0, 0x0000000700600000| 99%| O|  |TS  0|AC  0|TAMS 0x0000000700500000, 0x0000000700500000|
|   6|0x0000000700600000, 0x00000007006ffff0, 0x0000000700700000| 99%| O|  |TS  0|AC  0|TAMS 0x0000000700600000, 0x0000000700600000|
|   7|0x0000000700700000, 0x00000007007fffe0, 0x0000000700800000| 99%| O|  |TS  0|AC  0|TAMS 0x0000000700700000, 0x0000000700700000|
|   8|0x0000000700800000, 0x0000000700894460, 0x0000000700900000| 57%| O|  |TS  0|AC  0|TAMS 0x0000000700800000, 0x0000000700800000|
|   9|0x0000000700900000, 0x00000007009fd6b8, 0x0000000700a00000| 98%| O|  |TS  0|AC  0|TAMS 0x0000000700900000, 0x0000000700900000|
|  10|0x0000000700a00000, 0x0000000700affff0, 0x0000000700b00000| 99%| O|  |TS  0|AC  0|TAMS 0x0000000700a00000, 0x0000000700a00000|
|  11|0x0000000700b00000, 0x0000000700bf9530, 0x0000000700c00000| 97%| O|  |TS  0|AC  0|TAMS 0x0000000700b00000, 0x0000000700b00000|
|  12|0x0000000700c00000, 0x0000000700cfde60, 0x0000000700d00000| 99%| O|  |TS  0|AC  0|TAMS 0x0000000700c00000, 0x0000000700c00000|
|  13|0x0000000700d00000, 0x0000000700dea968, 0x0000000700e00000| 91%| O|  |TS  0|AC  0|TAMS 0x0000000700d00000, 0x0000000700d00000|
|  14|0x0000000700e00000, 0x0000000700effff0, 0x0000000700f00000| 99%| O|  |TS  0|AC  0|TAMS 0x0000000700e00000, 0x0000000700e00000|
|  15|0x0000000700f00000, 0x0000000700ffffe8, 0x0000000701000000| 99%| O|  |TS  0|AC  0|TAMS 0x0000000700f00000, 0x0000000700f00000|
|  16|0x0000000701000000, 0x00000007010ffec8, 0x0000000701100000| 99%| O|  |TS  0|AC  0|TAMS 0x0000000701000000, 0x0000000701000000|
|  17|0x0000000701100000, 0x00000007011ffff8, 0x0000000701200000| 99%| O|  |TS  0|AC  0|TAMS 0x0000000701100000, 0x0000000701100000|
|  18|0x0000000701200000, 0x00000007012ffff0, 0x0000000701300000| 99%| O|  |TS  0|AC  0|TAMS 0x0000000701200000, 0x0000000701200000|
|  19|0x0000000701300000, 0x00000007013fffc0, 0x0000000701400000| 99%| O|  |TS  0|AC  0|TAMS 0x0000000701300000, 0x0000000701300000|
|  20|0x0000000701400000, 0x00000007014fbc68, 0x0000000701500000| 98%| O|  |TS  0|AC  0|TAMS 0x0000000701400000, 0x0000000701400000|
|  21|0x0000000701500000, 0x00000007015fffe8, 0x0000000701600000| 99%| O|  |TS  0|AC  0|TAMS 0x0000000701500000, 0x0000000701500000|
|  22|0x0000000701600000, 0x00000007016fff08, 0x0000000701700000| 99%| O|  |TS  0|AC  0|TAMS 0x0000000701600000, 0x0000000701600000|
|  23|0x0000000701700000, 0x0000000701800000, 0x0000000701800000|100%| O|  |TS  0|AC  0|TAMS 0x0000000701700000, 0x0000000701700000|
|  24|0x0000000701800000, 0x00000007018ff268, 0x0000000701900000| 99%| O|  |TS  0|AC  0|TAMS 0x0000000701800000, 0x0000000701800000|
|  25|0x0000000701900000, 0x00000007019fffe8, 0x0000000701a00000| 99%| O|  |TS  0|AC  0|TAMS 0x0000000701900000, 0x0000000701900000|
|  26|0x0000000701a00000, 0x0000000701affff0, 0x0000000701b00000| 99%| O|  |TS  0|AC  0|TAMS 0x0000000701a00000, 0x0000000701a00000|
|  27|0x0000000701b00000, 0x0000000701c00000, 0x0000000701c00000|100%| O|  |TS  0|AC  0|TAMS 0x0000000701b00000, 0x0000000701b00000|
|  28|0x0000000701c00000, 0x0000000701cffff8, 0x0000000701d00000| 99%| O|  |TS  0|AC  0|TAMS 0x0000000701c00000, 0x0000000701c00000|
|  29|0x0000000701d00000, 0x0000000701e00000, 0x0000000701e00000|100%| O|  |TS  0|AC  0|TAMS 0x0000000701d00000, 0x0000000701d00000|
|  30|0x0000000701e00000, 0x0000000701efffe0, 0x0000000701f00000| 99%| O|  |TS  0|AC  0|TAMS 0x0000000701e00000, 0x0000000701e00000|
|  31|0x0000000701f00000, 0x0000000701fffff0, 0x0000000702000000| 99%| O|  |TS  0|AC  0|TAMS 0x0000000701f00000, 0x0000000701f00000|
|  32|0x0000000702000000, 0x00000007020ffff0, 0x0000000702100000| 99%| O|  |TS  0|AC  0|TAMS 0x0000000702000000, 0x0000000702000000|
|  33|0x0000000702100000, 0x00000007021fffe8, 0x0000000702200000| 99%| O|  |TS  0|AC  0|TAMS 0x0000000702100000, 0x0000000702100000|
|  34|0x0000000702200000, 0x0000000702300000, 0x0000000702300000|100%| O|  |TS  0|AC  0|TAMS 0x0000000702200000, 0x0000000702200000|
|  35|0x0000000702300000, 0x00000007023fffe0, 0x0000000702400000| 99%| O|  |TS  0|AC  0|TAMS 0x0000000702300000, 0x0000000702300000|
|  36|0x0000000702400000, 0x00000007024ffff8, 0x0000000702500000| 99%| O|  |TS  0|AC  0|TAMS 0x0000000702400000, 0x0000000702400000|
|  37|0x0000000702500000, 0x0000000702600000, 0x0000000702600000|100%|HS|  |TS  0|AC  0|TAMS 0x0000000702500000, 0x0000000702500000|
|  38|0x0000000702600000, 0x0000000702700000, 0x0000000702700000|100%|HC|  |TS  0|AC  0|TAMS 0x0000000702600000, 0x0000000702600000|
|  39|0x0000000702700000, 0x0000000702800000, 0x0000000702800000|100%|HC|  |TS  0|AC  0|TAMS 0x0000000702700000, 0x0000000702700000|
|  40|0x0000000702800000, 0x0000000702900000, 0x0000000702900000|100%|HC|  |TS  0|AC  0|TAMS 0x0000000702800000, 0x0000000702800000|
|  41|0x0000000702900000, 0x0000000702a00000, 0x0000000702a00000|100%|HC|  |TS  0|AC  0|TAMS 0x0000000702900000, 0x0000000702900000|
|  42|0x0000000702a00000, 0x0000000702b00000, 0x0000000702b00000|100%|HC|  |TS  0|AC  0|TAMS 0x0000000702a00000, 0x0000000702a00000|
|  43|0x0000000702b00000, 0x0000000702c00000, 0x0000000702c00000|100%|HC|  |TS  0|AC  0|TAMS 0x0000000702b00000, 0x0000000702b00000|
|  44|0x0000000702c00000, 0x0000000702d00000, 0x0000000702d00000|100%|HC|  |TS  0|AC  0|TAMS 0x0000000702c00000, 0x0000000702c00000|
|  45|0x0000000702d00000, 0x0000000702dee560, 0x0000000702e00000| 93%| O|  |TS  0|AC  0|TAMS 0x0000000702d00000, 0x0000000702d00000|
|  46|0x0000000702e00000, 0x0000000702f00000, 0x0000000702f00000|100%| O|  |TS  0|AC  0|TAMS 0x0000000702e00000, 0x0000000702e00000|
|  47|0x0000000702f00000, 0x0000000702fffed8, 0x0000000703000000| 99%| O|  |TS  0|AC  0|TAMS 0x0000000702f00000, 0x0000000702f00000|
|  48|0x0000000703000000, 0x00000007030fffe8, 0x0000000703100000| 99%| O|  |TS  0|AC  0|TAMS 0x0000000703000000, 0x0000000703000000|
|  49|0x0000000703100000, 0x00000007031fff70, 0x0000000703200000| 99%| O|  |TS  0|AC  0|TAMS 0x0000000703100000, 0x0000000703100000|
|  50|0x0000000703200000, 0x0000000703300000, 0x0000000703300000|100%| O|  |TS  0|AC  0|TAMS 0x0000000703200000, 0x0000000703200000|
|  51|0x0000000703300000, 0x00000007033fffe8, 0x0000000703400000| 99%| O|  |TS  0|AC  0|TAMS 0x0000000703300000, 0x0000000703300000|
|  52|0x0000000703400000, 0x00000007034ffe90, 0x0000000703500000| 99%| O|  |TS  0|AC  0|TAMS 0x0000000703400000, 0x0000000703400000|
|  53|0x0000000703500000, 0x00000007035ffff0, 0x0000000703600000| 99%| O|  |TS  0|AC  0|TAMS 0x0000000703500000, 0x0000000703500000|
|  54|0x0000000703600000, 0x00000007036ffff0, 0x0000000703700000| 99%| O|  |TS  0|AC  0|TAMS 0x0000000703600000, 0x0000000703600000|
|  55|0x0000000703700000, 0x00000007037ffff0, 0x0000000703800000| 99%| O|  |TS  0|AC  0|TAMS 0x0000000703700000, 0x0000000703700000|
|  56|0x0000000703800000, 0x00000007038fffb0, 0x0000000703900000| 99%| O|  |TS  0|AC  0|TAMS 0x0000000703800000, 0x0000000703800000|
|  57|0x0000000703900000, 0x00000007039fffe8, 0x0000000703a00000| 99%| O|  |TS  0|AC  0|TAMS 0x0000000703900000, 0x0000000703900000|
|  58|0x0000000703a00000, 0x0000000703affff8, 0x0000000703b00000| 99%| O|  |TS  0|AC  0|TAMS 0x0000000703a00000, 0x0000000703a00000|
|  59|0x0000000703b00000, 0x0000000703bffff8, 0x0000000703c00000| 99%| O|  |TS  0|AC  0|TAMS 0x0000000703b00000, 0x0000000703b00000|
|  60|0x0000000703c00000, 0x0000000703d00000, 0x0000000703d00000|100%| O|  |TS  0|AC  0|TAMS 0x0000000703c00000, 0x0000000703c00000|
|  61|0x0000000703d00000, 0x0000000703dffe80, 0x0000000703e00000| 99%| O|  |TS  0|AC  0|TAMS 0x0000000703d00000, 0x0000000703d00000|
|  62|0x0000000703e00000, 0x0000000703f00000, 0x0000000703f00000|100%| O|  |TS  0|AC  0|TAMS 0x0000000703e00000, 0x0000000703e00000|
|  63|0x0000000703f00000, 0x0000000703ffff38, 0x0000000704000000| 99%| O|  |TS  0|AC  0|TAMS 0x0000000703f00000, 0x0000000703f00000|
|  64|0x0000000704000000, 0x00000007040ff3e8, 0x0000000704100000| 99%| O|  |TS  0|AC  0|TAMS 0x0000000704000000, 0x0000000704000000|
|  65|0x0000000704100000, 0x00000007041fffc8, 0x0000000704200000| 99%| O|  |TS  0|AC  0|TAMS 0x0000000704100000, 0x0000000704100000|
|  66|0x0000000704200000, 0x00000007042fffe8, 0x0000000704300000| 99%| O|  |TS  0|AC  0|TAMS 0x0000000704200000, 0x0000000704200000|
|  67|0x0000000704300000, 0x00000007043fffc0, 0x0000000704400000| 99%| O|  |TS  0|AC  0|TAMS 0x0000000704300000, 0x0000000704300000|
|  68|0x0000000704400000, 0x00000007044ffe70, 0x0000000704500000| 99%| O|  |TS  0|AC  0|TAMS 0x0000000704400000, 0x0000000704400000|
|  69|0x0000000704500000, 0x00000007045fffe8, 0x0000000704600000| 99%| O|  |TS  0|AC  0|TAMS 0x0000000704500000, 0x0000000704500000|
|  70|0x0000000704600000, 0x00000007046fffb0, 0x0000000704700000| 99%| O|  |TS  0|AC  0|TAMS 0x0000000704600000, 0x0000000704600000|
|  71|0x0000000704700000, 0x00000007047ffff0, 0x0000000704800000| 99%| O|  |TS  0|AC  0|TAMS 0x0000000704700000, 0x0000000704700000|
|  72|0x0000000704800000, 0x00000007048ffff0, 0x0000000704900000| 99%| O|  |TS  0|AC  0|TAMS 0x0000000704800000, 0x0000000704800000|
|  73|0x0000000704900000, 0x00000007049fff50, 0x0000000704a00000| 99%| O|  |TS  0|AC  0|TAMS 0x0000000704900000, 0x0000000704900000|
|  74|0x0000000704a00000, 0x0000000704b00000, 0x0000000704b00000|100%| O|  |TS  0|AC  0|TAMS 0x0000000704a00000, 0x0000000704a00000|
|  75|0x0000000704b00000, 0x0000000704c00000, 0x0000000704c00000|100%| O|  |TS  0|AC  0|TAMS 0x0000000704b00000, 0x0000000704b00000|
|  76|0x0000000704c00000, 0x0000000704d00000, 0x0000000704d00000|100%| O|  |TS  0|AC  0|TAMS 0x0000000704c00000, 0x0000000704c00000|
|  77|0x0000000704d00000, 0x0000000704dffff8, 0x0000000704e00000| 99%| O|  |TS  0|AC  0|TAMS 0x0000000704d00000, 0x0000000704d00000|
|  78|0x0000000704e00000, 0x0000000704efffe8, 0x0000000704f00000| 99%| O|  |TS  0|AC  0|TAMS 0x0000000704e00000, 0x0000000704e00000|
|  79|0x0000000704f00000, 0x0000000705000000, 0x0000000705000000|100%| O|  |TS  0|AC  0|TAMS 0x0000000704f00000, 0x0000000704f00000|
|  80|0x0000000705000000, 0x00000007050fffc0, 0x0000000705100000| 99%| O|  |TS  0|AC  0|TAMS 0x0000000705000000, 0x0000000705000000|
|  81|0x0000000705100000, 0x00000007051ebea0, 0x0000000705200000| 92%| O|  |TS  0|AC  0|TAMS 0x0000000705100000, 0x0000000705100000|
|  82|0x0000000705200000, 0x0000000705300000, 0x0000000705300000|100%|HS|  |TS  0|AC  0|TAMS 0x0000000705200000, 0x0000000705200000|
|  83|0x0000000705300000, 0x0000000705400000, 0x0000000705400000|100%|HC|  |TS  0|AC  0|TAMS 0x0000000705300000, 0x0000000705300000|
|  84|0x0000000705400000, 0x0000000705435a00, 0x0000000705500000| 20%| O|  |TS 35|AC  0|TAMS 0x0000000705400000, 0x0000000705400000|
|  85|0x0000000705500000, 0x0000000705500000, 0x0000000705600000|  0%| F|  |TS  0|AC  0|TAMS 0x0000000705500000, 0x0000000705500000|
|  86|0x0000000705600000, 0x0000000705600000, 0x0000000705700000|  0%| F|  |TS  0|AC  0|TAMS 0x0000000705600000, 0x0000000705600000|
|  87|0x0000000705700000, 0x0000000705700000, 0x0000000705800000|  0%| F|  |TS  0|AC  0|TAMS 0x0000000705700000, 0x0000000705700000|
|  88|0x0000000705800000, 0x0000000705800000, 0x0000000705900000|  0%| F|  |TS  0|AC  0|TAMS 0x0000000705800000, 0x0000000705800000|
|  89|0x0000000705900000, 0x0000000705900000, 0x0000000705a00000|  0%| F|  |TS  0|AC  0|TAMS 0x0000000705900000, 0x0000000705900000|
|  90|0x0000000705a00000, 0x0000000705b00000, 0x0000000705b00000|100%|HS|  |TS  0|AC  0|TAMS 0x0000000705a00000, 0x0000000705a00000|
|  91|0x0000000705b00000, 0x0000000705b00000, 0x0000000705c00000|  0%| F|  |TS  0|AC  0|TAMS 0x0000000705b00000, 0x0000000705b00000|
|  92|0x0000000705c00000, 0x0000000705c00000, 0x0000000705d00000|  0%| F|  |TS  0|AC  0|TAMS 0x0000000705c00000, 0x0000000705c00000|
|  93|0x0000000705d00000, 0x0000000705d00000, 0x0000000705e00000|  0%| F|  |TS  0|AC  0|TAMS 0x0000000705d00000, 0x0000000705d00000|
|  94|0x0000000705e00000, 0x0000000705e00000, 0x0000000705f00000|  0%| F|  |TS  0|AC  0|TAMS 0x0000000705e00000, 0x0000000705e00000|
|  95|0x0000000705f00000, 0x0000000705f00000, 0x0000000706000000|  0%| F|  |TS  0|AC  0|TAMS 0x0000000705f00000, 0x0000000705f00000|
|  96|0x0000000706000000, 0x0000000706000000, 0x0000000706100000|  0%| F|  |TS  0|AC  0|TAMS 0x0000000706000000, 0x0000000706000000|
|  97|0x0000000706100000, 0x0000000706100000, 0x0000000706200000|  0%| F|  |TS  0|AC  0|TAMS 0x0000000706100000, 0x0000000706100000|
|  98|0x0000000706200000, 0x0000000706200000, 0x0000000706300000|  0%| F|  |TS  0|AC  0|TAMS 0x0000000706200000, 0x0000000706200000|
|  99|0x0000000706300000, 0x0000000706300000, 0x0000000706400000|  0%| F|  |TS  0|AC  0|TAMS 0x0000000706300000, 0x0000000706300000|
| 100|0x0000000706400000, 0x0000000706500000, 0x0000000706500000|100%|HS|  |TS  0|AC  0|TAMS 0x0000000706400000, 0x0000000706400000|
| 101|0x0000000706500000, 0x0000000706600000, 0x0000000706600000|100%|HC|  |TS  0|AC  0|TAMS 0x0000000706500000, 0x0000000706500000|
| 102|0x0000000706600000, 0x0000000706600000, 0x0000000706700000|  0%| F|  |TS  0|AC  0|TAMS 0x0000000706600000, 0x0000000706600000|
| 103|0x0000000706700000, 0x0000000706700000, 0x0000000706800000|  0%| F|  |TS  0|AC  0|TAMS 0x0000000706700000, 0x0000000706700000|
| 104|0x0000000706800000, 0x0000000706800000, 0x0000000706900000|  0%| F|  |TS  0|AC  0|TAMS 0x0000000706800000, 0x0000000706800000|
| 105|0x0000000706900000, 0x0000000706900000, 0x0000000706a00000|  0%| F|  |TS  0|AC  0|TAMS 0x0000000706900000, 0x0000000706900000|
| 106|0x0000000706a00000, 0x0000000706a00000, 0x0000000706b00000|  0%| F|  |TS  0|AC  0|TAMS 0x0000000706a00000, 0x0000000706a00000|
| 107|0x0000000706b00000, 0x0000000706b00000, 0x0000000706c00000|  0%| F|  |TS  0|AC  0|TAMS 0x0000000706b00000, 0x0000000706b00000|
| 108|0x0000000706c00000, 0x0000000706c00000, 0x0000000706d00000|  0%| F|  |TS  0|AC  0|TAMS 0x0000000706c00000, 0x0000000706c00000|
| 109|0x0000000706d00000, 0x0000000706d00000, 0x0000000706e00000|  0%| F|  |TS  0|AC  0|TAMS 0x0000000706d00000, 0x0000000706d00000|
| 110|0x0000000706e00000, 0x0000000706e00000, 0x0000000706f00000|  0%| F|  |TS  0|AC  0|TAMS 0x0000000706e00000, 0x0000000706e00000|
| 111|0x0000000706f00000, 0x0000000706f00000, 0x0000000707000000|  0%| F|  |TS  0|AC  0|TAMS 0x0000000706f00000, 0x0000000706f00000|
| 112|0x0000000707000000, 0x0000000707000000, 0x0000000707100000|  0%| F|  |TS  0|AC  0|TAMS 0x0000000707000000, 0x0000000707000000|
| 113|0x0000000707100000, 0x0000000707100000, 0x0000000707200000|  0%| F|  |TS  0|AC  0|TAMS 0x0000000707100000, 0x0000000707100000|
| 114|0x0000000707200000, 0x0000000707200000, 0x0000000707300000|  0%| F|  |TS  0|AC  0|TAMS 0x0000000707200000, 0x0000000707200000|
| 115|0x0000000707300000, 0x0000000707300000, 0x0000000707400000|  0%| F|  |TS  0|AC  0|TAMS 0x0000000707300000, 0x0000000707300000|
| 116|0x0000000707400000, 0x0000000707400000, 0x0000000707500000|  0%| F|  |TS  0|AC  0|TAMS 0x0000000707400000, 0x0000000707400000|
| 117|0x0000000707500000, 0x0000000707500000, 0x0000000707600000|  0%| F|  |TS  0|AC  0|TAMS 0x0000000707500000, 0x0000000707500000|
| 118|0x0000000707600000, 0x0000000707600000, 0x0000000707700000|  0%| F|  |TS  0|AC  0|TAMS 0x0000000707600000, 0x0000000707600000|
| 119|0x0000000707700000, 0x0000000707700000, 0x0000000707800000|  0%| F|  |TS  0|AC  0|TAMS 0x0000000707700000, 0x0000000707700000|
| 120|0x0000000707800000, 0x0000000707800000, 0x0000000707900000|  0%| F|  |TS  0|AC  0|TAMS 0x0000000707800000, 0x0000000707800000|
| 121|0x0000000707900000, 0x0000000707900000, 0x0000000707a00000|  0%| F|  |TS  0|AC  0|TAMS 0x0000000707900000, 0x0000000707900000|
| 122|0x0000000707a00000, 0x0000000707a00000, 0x0000000707b00000|  0%| F|  |TS  0|AC  0|TAMS 0x0000000707a00000, 0x0000000707a00000|
| 123|0x0000000707b00000, 0x0000000707b00000, 0x0000000707c00000|  0%| F|  |TS  0|AC  0|TAMS 0x0000000707b00000, 0x0000000707b00000|
| 124|0x0000000707c00000, 0x0000000707c00000, 0x0000000707d00000|  0%| F|  |TS  0|AC  0|TAMS 0x0000000707c00000, 0x0000000707c00000|
| 125|0x0000000707d00000, 0x0000000707d00000, 0x0000000707e00000|  0%| F|  |TS  0|AC  0|TAMS 0x0000000707d00000, 0x0000000707d00000|
| 126|0x0000000707e00000, 0x0000000707e00000, 0x0000000707f00000|  0%| F|  |TS  0|AC  0|TAMS 0x0000000707e00000, 0x0000000707e00000|
| 127|0x0000000707f00000, 0x0000000707f00000, 0x0000000708000000|  0%| F|  |TS  0|AC  0|TAMS 0x0000000707f00000, 0x0000000707f00000|
| 128|0x0000000708000000, 0x0000000708000000, 0x0000000708100000|  0%| F|  |TS  0|AC  0|TAMS 0x0000000708000000, 0x0000000708000000|
| 129|0x0000000708100000, 0x0000000708100000, 0x0000000708200000|  0%| F|  |TS  0|AC  0|TAMS 0x0000000708100000, 0x0000000708100000|
| 130|0x0000000708200000, 0x0000000708200000, 0x0000000708300000|  0%| F|  |TS  0|AC  0|TAMS 0x0000000708200000, 0x0000000708200000|
| 131|0x0000000708300000, 0x0000000708300000, 0x0000000708400000|  0%| F|  |TS  0|AC  0|TAMS 0x0000000708300000, 0x0000000708300000|
| 132|0x0000000708400000, 0x0000000708400000, 0x0000000708500000|  0%| F|  |TS  0|AC  0|TAMS 0x0000000708400000, 0x0000000708400000|
| 133|0x0000000708500000, 0x0000000708500000, 0x0000000708600000|  0%| F|  |TS  0|AC  0|TAMS 0x0000000708500000, 0x0000000708500000|
| 134|0x0000000708600000, 0x0000000708600000, 0x0000000708700000|  0%| F|  |TS  0|AC  0|TAMS 0x0000000708600000, 0x0000000708600000|
| 135|0x0000000708700000, 0x0000000708700000, 0x0000000708800000|  0%| F|  |TS  0|AC  0|TAMS 0x0000000708700000, 0x0000000708700000|
| 136|0x0000000708800000, 0x0000000708800000, 0x0000000708900000|  0%| F|  |TS  0|AC  0|TAMS 0x0000000708800000, 0x0000000708800000|
| 137|0x0000000708900000, 0x0000000708900000, 0x0000000708a00000|  0%| F|  |TS  0|AC  0|TAMS 0x0000000708900000, 0x0000000708900000|
| 138|0x0000000708a00000, 0x0000000708a00000, 0x0000000708b00000|  0%| F|  |TS  0|AC  0|TAMS 0x0000000708a00000, 0x0000000708a00000|
| 139|0x0000000708b00000, 0x0000000708b00000, 0x0000000708c00000|  0%| F|  |TS  0|AC  0|TAMS 0x0000000708b00000, 0x0000000708b00000|
| 140|0x0000000708c00000, 0x0000000708c00000, 0x0000000708d00000|  0%| F|  |TS  0|AC  0|TAMS 0x0000000708c00000, 0x0000000708c00000|
| 141|0x0000000708d00000, 0x0000000708d00000, 0x0000000708e00000|  0%| F|  |TS  0|AC  0|TAMS 0x0000000708d00000, 0x0000000708d00000|
| 142|0x0000000708e00000, 0x0000000708e00000, 0x0000000708f00000|  0%| F|  |TS  0|AC  0|TAMS 0x0000000708e00000, 0x0000000708e00000|
| 143|0x0000000708f00000, 0x0000000708f00000, 0x0000000709000000|  0%| F|  |TS  0|AC  0|TAMS 0x0000000708f00000, 0x0000000708f00000|
| 144|0x0000000709000000, 0x0000000709000000, 0x0000000709100000|  0%| F|  |TS  0|AC  0|TAMS 0x0000000709000000, 0x0000000709000000|
| 145|0x0000000709100000, 0x0000000709100000, 0x0000000709200000|  0%| F|  |TS  0|AC  0|TAMS 0x0000000709100000, 0x0000000709100000|
| 146|0x0000000709200000, 0x0000000709200000, 0x0000000709300000|  0%| F|  |TS  0|AC  0|TAMS 0x0000000709200000, 0x0000000709200000|
| 147|0x0000000709300000, 0x0000000709300000, 0x0000000709400000|  0%| F|  |TS  0|AC  0|TAMS 0x0000000709300000, 0x0000000709300000|
| 148|0x0000000709400000, 0x0000000709400000, 0x0000000709500000|  0%| F|  |TS  0|AC  0|TAMS 0x0000000709400000, 0x0000000709400000|
| 149|0x0000000709500000, 0x0000000709500000, 0x0000000709600000|  0%| F|  |TS  0|AC  0|TAMS 0x0000000709500000, 0x0000000709500000|
| 150|0x0000000709600000, 0x0000000709600000, 0x0000000709700000|  0%| F|  |TS  0|AC  0|TAMS 0x0000000709600000, 0x0000000709600000|
| 151|0x0000000709700000, 0x0000000709700000, 0x0000000709800000|  0%| F|  |TS  0|AC  0|TAMS 0x0000000709700000, 0x0000000709700000|
| 152|0x0000000709800000, 0x0000000709800000, 0x0000000709900000|  0%| F|  |TS  0|AC  0|TAMS 0x0000000709800000, 0x0000000709800000|
| 153|0x0000000709900000, 0x0000000709900000, 0x0000000709a00000|  0%| F|  |TS  0|AC  0|TAMS 0x0000000709900000, 0x0000000709900000|
| 154|0x0000000709a00000, 0x0000000709a00000, 0x0000000709b00000|  0%| F|  |TS  0|AC  0|TAMS 0x0000000709a00000, 0x0000000709a00000|
| 155|0x0000000709b00000, 0x0000000709b00000, 0x0000000709c00000|  0%| F|  |TS  0|AC  0|TAMS 0x0000000709b00000, 0x0000000709b00000|
| 156|0x0000000709c00000, 0x0000000709c00000, 0x0000000709d00000|  0%| F|  |TS  0|AC  0|TAMS 0x0000000709c00000, 0x0000000709c00000|
| 157|0x0000000709d00000, 0x0000000709d00000, 0x0000000709e00000|  0%| F|  |TS  0|AC  0|TAMS 0x0000000709d00000, 0x0000000709d00000|
| 158|0x0000000709e00000, 0x0000000709e00000, 0x0000000709f00000|  0%| F|  |TS  0|AC  0|TAMS 0x0000000709e00000, 0x0000000709e00000|
| 159|0x0000000709f00000, 0x0000000709f00000, 0x000000070a000000|  0%| F|  |TS  0|AC  0|TAMS 0x0000000709f00000, 0x0000000709f00000|
| 160|0x000000070a000000, 0x000000070a000000, 0x000000070a100000|  0%| F|  |TS  0|AC  0|TAMS 0x000000070a000000, 0x000000070a000000|
| 161|0x000000070a100000, 0x000000070a100000, 0x000000070a200000|  0%| F|  |TS  0|AC  0|TAMS 0x000000070a100000, 0x000000070a100000|
| 162|0x000000070a200000, 0x000000070a200000, 0x000000070a300000|  0%| F|  |TS  0|AC  0|TAMS 0x000000070a200000, 0x000000070a200000|
| 163|0x000000070a300000, 0x000000070a300000, 0x000000070a400000|  0%| F|  |TS  0|AC  0|TAMS 0x000000070a300000, 0x000000070a300000|
| 164|0x000000070a400000, 0x000000070a400000, 0x000000070a500000|  0%| F|  |TS  0|AC  0|TAMS 0x000000070a400000, 0x000000070a400000|
| 165|0x000000070a500000, 0x000000070a500000, 0x000000070a600000|  0%| F|  |TS  0|AC  0|TAMS 0x000000070a500000, 0x000000070a500000|
| 166|0x000000070a600000, 0x000000070a600000, 0x000000070a700000|  0%| F|  |TS  0|AC  0|TAMS 0x000000070a600000, 0x000000070a600000|
| 167|0x000000070a700000, 0x000000070a700000, 0x000000070a800000|  0%| F|  |TS  0|AC  0|TAMS 0x000000070a700000, 0x000000070a700000|
| 168|0x000000070a800000, 0x000000070a800000, 0x000000070a900000|  0%| F|  |TS  0|AC  0|TAMS 0x000000070a800000, 0x000000070a800000|
| 169|0x000000070a900000, 0x000000070a900000, 0x000000070aa00000|  0%| F|  |TS  0|AC  0|TAMS 0x000000070a900000, 0x000000070a900000|
| 170|0x000000070aa00000, 0x000000070aa00000, 0x000000070ab00000|  0%| F|  |TS  0|AC  0|TAMS 0x000000070aa00000, 0x000000070aa00000|
| 171|0x000000070ab00000, 0x000000070ab00000, 0x000000070ac00000|  0%| F|  |TS  0|AC  0|TAMS 0x000000070ab00000, 0x000000070ab00000|
| 172|0x000000070ac00000, 0x000000070ac00000, 0x000000070ad00000|  0%| F|  |TS  0|AC  0|TAMS 0x000000070ac00000, 0x000000070ac00000|
| 173|0x000000070ad00000, 0x000000070ad00000, 0x000000070ae00000|  0%| F|  |TS  0|AC  0|TAMS 0x000000070ad00000, 0x000000070ad00000|
| 174|0x000000070ae00000, 0x000000070ae00000, 0x000000070af00000|  0%| F|  |TS  0|AC  0|TAMS 0x000000070ae00000, 0x000000070ae00000|
| 175|0x000000070af00000, 0x000000070af00000, 0x000000070b000000|  0%| F|  |TS  0|AC  0|TAMS 0x000000070af00000, 0x000000070af00000|
| 176|0x000000070b000000, 0x000000070b000000, 0x000000070b100000|  0%| F|  |TS  0|AC  0|TAMS 0x000000070b000000, 0x000000070b000000|
| 177|0x000000070b100000, 0x000000070b100000, 0x000000070b200000|  0%| F|  |TS  0|AC  0|TAMS 0x000000070b100000, 0x000000070b100000|
| 178|0x000000070b200000, 0x000000070b200000, 0x000000070b300000|  0%| F|  |TS  0|AC  0|TAMS 0x000000070b200000, 0x000000070b200000|
| 179|0x000000070b300000, 0x000000070b300000, 0x000000070b400000|  0%| F|  |TS  0|AC  0|TAMS 0x000000070b300000, 0x000000070b300000|
| 180|0x000000070b400000, 0x000000070b400000, 0x000000070b500000|  0%| F|  |TS  0|AC  0|TAMS 0x000000070b400000, 0x000000070b400000|
| 181|0x000000070b500000, 0x000000070b500000, 0x000000070b600000|  0%| F|  |TS  0|AC  0|TAMS 0x000000070b500000, 0x000000070b500000|
| 182|0x000000070b600000, 0x000000070b600000, 0x000000070b700000|  0%| F|  |TS  0|AC  0|TAMS 0x000000070b600000, 0x000000070b600000|
| 183|0x000000070b700000, 0x000000070b700000, 0x000000070b800000|  0%| F|  |TS  0|AC  0|TAMS 0x000000070b700000, 0x000000070b700000|
| 184|0x000000070b800000, 0x000000070b800000, 0x000000070b900000|  0%| F|  |TS  0|AC  0|TAMS 0x000000070b800000, 0x000000070b800000|
| 185|0x000000070b900000, 0x000000070b900000, 0x000000070ba00000|  0%| F|  |TS  0|AC  0|TAMS 0x000000070b900000, 0x000000070b900000|
| 186|0x000000070ba00000, 0x000000070ba00000, 0x000000070bb00000|  0%| F|  |TS  0|AC  0|TAMS 0x000000070ba00000, 0x000000070ba00000|
| 187|0x000000070bb00000, 0x000000070bb00000, 0x000000070bc00000|  0%| F|  |TS  0|AC  0|TAMS 0x000000070bb00000, 0x000000070bb00000|
| 188|0x000000070bc00000, 0x000000070bc00000, 0x000000070bd00000|  0%| F|  |TS  0|AC  0|TAMS 0x000000070bc00000, 0x000000070bc00000|
| 189|0x000000070bd00000, 0x000000070bd00000, 0x000000070be00000|  0%| F|  |TS  0|AC  0|TAMS 0x000000070bd00000, 0x000000070bd00000|
| 190|0x000000070be00000, 0x000000070be00000, 0x000000070bf00000|  0%| F|  |TS  0|AC  0|TAMS 0x000000070be00000, 0x000000070be00000|
| 191|0x000000070bf00000, 0x000000070bf00000, 0x000000070c000000|  0%| F|  |TS  0|AC  0|TAMS 0x000000070bf00000, 0x000000070bf00000|
| 192|0x000000070c000000, 0x000000070c000000, 0x000000070c100000|  0%| F|  |TS  0|AC  0|TAMS 0x000000070c000000, 0x000000070c000000|
| 193|0x000000070c100000, 0x000000070c100000, 0x000000070c200000|  0%| F|  |TS  0|AC  0|TAMS 0x000000070c100000, 0x000000070c100000|
| 194|0x000000070c200000, 0x000000070c200000, 0x000000070c300000|  0%| F|  |TS  0|AC  0|TAMS 0x000000070c200000, 0x000000070c200000|
| 195|0x000000070c300000, 0x000000070c300000, 0x000000070c400000|  0%| F|  |TS  0|AC  0|TAMS 0x000000070c300000, 0x000000070c300000|
| 196|0x000000070c400000, 0x000000070c400000, 0x000000070c500000|  0%| F|  |TS  0|AC  0|TAMS 0x000000070c400000, 0x000000070c400000|
| 197|0x000000070c500000, 0x000000070c500000, 0x000000070c600000|  0%| F|  |TS  0|AC  0|TAMS 0x000000070c500000, 0x000000070c500000|
| 198|0x000000070c600000, 0x000000070c600000, 0x000000070c700000|  0%| F|  |TS  0|AC  0|TAMS 0x000000070c600000, 0x000000070c600000|
| 199|0x000000070c700000, 0x000000070c700000, 0x000000070c800000|  0%| F|  |TS  0|AC  0|TAMS 0x000000070c700000, 0x000000070c700000|
| 200|0x000000070c800000, 0x000000070c800000, 0x000000070c900000|  0%| F|  |TS  0|AC  0|TAMS 0x000000070c800000, 0x000000070c800000|
| 201|0x000000070c900000, 0x000000070c900000, 0x000000070ca00000|  0%| F|  |TS  0|AC  0|TAMS 0x000000070c900000, 0x000000070c900000|
| 202|0x000000070ca00000, 0x000000070ca00000, 0x000000070cb00000|  0%| F|  |TS  0|AC  0|TAMS 0x000000070ca00000, 0x000000070ca00000|
| 203|0x000000070cb00000, 0x000000070cb00000, 0x000000070cc00000|  0%| F|  |TS  0|AC  0|TAMS 0x000000070cb00000, 0x000000070cb00000|
| 204|0x000000070cc00000, 0x000000070cc00000, 0x000000070cd00000|  0%| F|  |TS  0|AC  0|TAMS 0x000000070cc00000, 0x000000070cc00000|
| 205|0x000000070cd00000, 0x000000070cd00000, 0x000000070ce00000|  0%| F|  |TS  0|AC  0|TAMS 0x000000070cd00000, 0x000000070cd00000|
| 206|0x000000070ce00000, 0x000000070ce00000, 0x000000070cf00000|  0%| F|  |TS  0|AC  0|TAMS 0x000000070ce00000, 0x000000070ce00000|
| 207|0x000000070cf00000, 0x000000070cf00000, 0x000000070d000000|  0%| F|  |TS  0|AC  0|TAMS 0x000000070cf00000, 0x000000070cf00000|
| 208|0x000000070d000000, 0x000000070d000000, 0x000000070d100000|  0%| F|  |TS  0|AC  0|TAMS 0x000000070d000000, 0x000000070d000000|
| 209|0x000000070d100000, 0x000000070d100000, 0x000000070d200000|  0%| F|  |TS  0|AC  0|TAMS 0x000000070d100000, 0x000000070d100000|
| 210|0x000000070d200000, 0x000000070d200000, 0x000000070d300000|  0%| F|  |TS  0|AC  0|TAMS 0x000000070d200000, 0x000000070d200000|
| 211|0x000000070d300000, 0x000000070d300000, 0x000000070d400000|  0%| F|  |TS  0|AC  0|TAMS 0x000000070d300000, 0x000000070d300000|
| 212|0x000000070d400000, 0x000000070d400000, 0x000000070d500000|  0%| F|  |TS  0|AC  0|TAMS 0x000000070d400000, 0x000000070d400000|
| 213|0x000000070d500000, 0x000000070d500000, 0x000000070d600000|  0%| F|  |TS  0|AC  0|TAMS 0x000000070d500000, 0x000000070d500000|
| 214|0x000000070d600000, 0x000000070d600000, 0x000000070d700000|  0%| F|  |TS  0|AC  0|TAMS 0x000000070d600000, 0x000000070d600000|
| 215|0x000000070d700000, 0x000000070d700000, 0x000000070d800000|  0%| F|  |TS  0|AC  0|TAMS 0x000000070d700000, 0x000000070d700000|
| 216|0x000000070d800000, 0x000000070d800000, 0x000000070d900000|  0%| F|  |TS 35|AC  0|TAMS 0x000000070d800000, 0x000000070d800000|
| 217|0x000000070d900000, 0x000000070d900000, 0x000000070da00000|  0%| F|  |TS 35|AC  0|TAMS 0x000000070d900000, 0x000000070d900000|
| 218|0x000000070da00000, 0x000000070da00000, 0x000000070db00000|  0%| F|  |TS 35|AC  0|TAMS 0x000000070da00000, 0x000000070da00000|
| 219|0x000000070db00000, 0x000000070db00000, 0x000000070dc00000|  0%| F|  |TS 35|AC  0|TAMS 0x000000070db00000, 0x000000070db00000|
| 220|0x000000070dc00000, 0x000000070dc5e710, 0x000000070dd00000| 36%| S|CS|TS 35|AC  0|TAMS 0x000000070dc00000, 0x000000070dc00000|
| 221|0x000000070dd00000, 0x000000070dd00000, 0x000000070de00000|  0%| F|  |TS 35|AC  0|TAMS 0x000000070dd00000, 0x000000070dd00000|
| 222|0x000000070de00000, 0x000000070df00000, 0x000000070df00000|100%| S|CS|TS 35|AC  0|TAMS 0x000000070de00000, 0x000000070de00000|
| 223|0x000000070df00000, 0x000000070e000000, 0x000000070e000000|100%| S|CS|TS 35|AC  0|TAMS 0x000000070df00000, 0x000000070df00000|
| 224|0x000000070e000000, 0x000000070e100000, 0x000000070e100000|100%| S|CS|TS 35|AC  0|TAMS 0x000000070e000000, 0x000000070e000000|
| 225|0x000000070e100000, 0x000000070e200000, 0x000000070e200000|100%| S|CS|TS 35|AC  0|TAMS 0x000000070e100000, 0x000000070e100000|
| 226|0x000000070e200000, 0x000000070e200000, 0x000000070e300000|  0%| F|  |TS 35|AC  0|TAMS 0x000000070e200000, 0x000000070e200000|
| 227|0x000000070e300000, 0x000000070e300000, 0x000000070e400000|  0%| F|  |TS 35|AC  0|TAMS 0x000000070e300000, 0x000000070e300000|
| 228|0x000000070e400000, 0x000000070e400000, 0x000000070e500000|  0%| F|  |TS 35|AC  0|TAMS 0x000000070e400000, 0x000000070e400000|
| 229|0x000000070e500000, 0x000000070e500000, 0x000000070e600000|  0%| F|  |TS 35|AC  0|TAMS 0x000000070e500000, 0x000000070e500000|
| 230|0x000000070e600000, 0x000000070e600000, 0x000000070e700000|  0%| F|  |TS 35|AC  0|TAMS 0x000000070e600000, 0x000000070e600000|
| 231|0x000000070e700000, 0x000000070e700000, 0x000000070e800000|  0%| F|  |TS 35|AC  0|TAMS 0x000000070e700000, 0x000000070e700000|
| 232|0x000000070e800000, 0x000000070e800000, 0x000000070e900000|  0%| F|  |TS 35|AC  0|TAMS 0x000000070e800000, 0x000000070e800000|
| 233|0x000000070e900000, 0x000000070e900000, 0x000000070ea00000|  0%| F|  |TS 35|AC  0|TAMS 0x000000070e900000, 0x000000070e900000|
| 234|0x000000070ea00000, 0x000000070ea00000, 0x000000070eb00000|  0%| F|  |TS 35|AC  0|TAMS 0x000000070ea00000, 0x000000070ea00000|
| 235|0x000000070eb00000, 0x000000070eb00000, 0x000000070ec00000|  0%| F|  |TS 35|AC  0|TAMS 0x000000070eb00000, 0x000000070eb00000|
| 236|0x000000070ec00000, 0x000000070ec00000, 0x000000070ed00000|  0%| F|  |TS 35|AC  0|TAMS 0x000000070ec00000, 0x000000070ec00000|
| 237|0x000000070ed00000, 0x000000070ed00000, 0x000000070ee00000|  0%| F|  |TS 35|AC  0|TAMS 0x000000070ed00000, 0x000000070ed00000|
| 238|0x000000070ee00000, 0x000000070ee00000, 0x000000070ef00000|  0%| F|  |TS 35|AC  0|TAMS 0x000000070ee00000, 0x000000070ee00000|
| 239|0x000000070ef00000, 0x000000070ef00000, 0x000000070f000000|  0%| F|  |TS 35|AC  0|TAMS 0x000000070ef00000, 0x000000070ef00000|
| 240|0x000000070f000000, 0x000000070f000000, 0x000000070f100000|  0%| F|  |TS 35|AC  0|TAMS 0x000000070f000000, 0x000000070f000000|
| 241|0x000000070f100000, 0x000000070f100000, 0x000000070f200000|  0%| F|  |TS 35|AC  0|TAMS 0x000000070f100000, 0x000000070f100000|
| 242|0x000000070f200000, 0x000000070f200000, 0x000000070f300000|  0%| F|  |TS 35|AC  0|TAMS 0x000000070f200000, 0x000000070f200000|
| 243|0x000000070f300000, 0x000000070f300000, 0x000000070f400000|  0%| F|  |TS 35|AC  0|TAMS 0x000000070f300000, 0x000000070f300000|
| 244|0x000000070f400000, 0x000000070f400000, 0x000000070f500000|  0%| F|  |TS 35|AC  0|TAMS 0x000000070f400000, 0x000000070f400000|
| 245|0x000000070f500000, 0x000000070f500000, 0x000000070f600000|  0%| F|  |TS 35|AC  0|TAMS 0x000000070f500000, 0x000000070f500000|
| 246|0x000000070f600000, 0x000000070f600000, 0x000000070f700000|  0%| F|  |TS 35|AC  0|TAMS 0x000000070f600000, 0x000000070f600000|
| 247|0x000000070f700000, 0x000000070f700000, 0x000000070f800000|  0%| F|  |TS 35|AC  0|TAMS 0x000000070f700000, 0x000000070f700000|
| 248|0x000000070f800000, 0x000000070f800000, 0x000000070f900000|  0%| F|  |TS 35|AC  0|TAMS 0x000000070f800000, 0x000000070f800000|
| 249|0x000000070f900000, 0x000000070f900000, 0x000000070fa00000|  0%| F|  |TS 35|AC  0|TAMS 0x000000070f900000, 0x000000070f900000|
| 250|0x000000070fa00000, 0x000000070fa00000, 0x000000070fb00000|  0%| F|  |TS 35|AC  0|TAMS 0x000000070fa00000, 0x000000070fa00000|
| 251|0x000000070fb00000, 0x000000070fb00000, 0x000000070fc00000|  0%| F|  |TS 35|AC  0|TAMS 0x000000070fb00000, 0x000000070fb00000|
| 252|0x000000070fc00000, 0x000000070fc00000, 0x000000070fd00000|  0%| F|  |TS 35|AC  0|TAMS 0x000000070fc00000, 0x000000070fc00000|
| 253|0x000000070fd00000, 0x000000070fd00000, 0x000000070fe00000|  0%| F|  |TS 35|AC  0|TAMS 0x000000070fd00000, 0x000000070fd00000|
| 254|0x000000070fe00000, 0x000000070fe00000, 0x000000070ff00000|  0%| F|  |TS 35|AC  0|TAMS 0x000000070fe00000, 0x000000070fe00000|
| 255|0x000000070ff00000, 0x000000070ff00000, 0x0000000710000000|  0%| F|  |TS 35|AC  0|TAMS 0x000000070ff00000, 0x000000070ff00000|
| 256|0x0000000710000000, 0x0000000710000000, 0x0000000710100000|  0%| F|  |TS 35|AC  0|TAMS 0x0000000710000000, 0x0000000710000000|
| 257|0x0000000710100000, 0x0000000710100000, 0x0000000710200000|  0%| F|  |TS 35|AC  0|TAMS 0x0000000710100000, 0x0000000710100000|
| 258|0x0000000710200000, 0x0000000710200000, 0x0000000710300000|  0%| F|  |TS 35|AC  0|TAMS 0x0000000710200000, 0x0000000710200000|
| 259|0x0000000710300000, 0x000000071038dc98, 0x0000000710400000| 55%| E|  |TS 35|AC  0|TAMS 0x0000000710300000, 0x0000000710300000|
| 260|0x0000000710400000, 0x0000000710500000, 0x0000000710500000|100%| E|CS|TS 35|AC  0|TAMS 0x0000000710400000, 0x0000000710400000|
| 261|0x0000000710500000, 0x0000000710600000, 0x0000000710600000|100%| E|CS|TS 35|AC  0|TAMS 0x0000000710500000, 0x0000000710500000|
| 262|0x0000000710600000, 0x0000000710700000, 0x0000000710700000|100%| E|CS|TS 35|AC  0|TAMS 0x0000000710600000, 0x0000000710600000|
| 263|0x0000000710700000, 0x0000000710800000, 0x0000000710800000|100%| E|CS|TS 35|AC  0|TAMS 0x0000000710700000, 0x0000000710700000|
| 264|0x0000000710800000, 0x0000000710900000, 0x0000000710900000|100%| E|CS|TS 35|AC  0|TAMS 0x0000000710800000, 0x0000000710800000|
| 265|0x0000000710900000, 0x0000000710a00000, 0x0000000710a00000|100%| E|CS|TS 35|AC  0|TAMS 0x0000000710900000, 0x0000000710900000|
| 266|0x0000000710a00000, 0x0000000710b00000, 0x0000000710b00000|100%| E|CS|TS 35|AC  0|TAMS 0x0000000710a00000, 0x0000000710a00000|
| 267|0x0000000710b00000, 0x0000000710c00000, 0x0000000710c00000|100%| E|CS|TS 35|AC  0|TAMS 0x0000000710b00000, 0x0000000710b00000|
| 268|0x0000000710c00000, 0x0000000710d00000, 0x0000000710d00000|100%| E|CS|TS 35|AC  0|TAMS 0x0000000710c00000, 0x0000000710c00000|
| 269|0x0000000710d00000, 0x0000000710e00000, 0x0000000710e00000|100%| E|CS|TS 35|AC  0|TAMS 0x0000000710d00000, 0x0000000710d00000|
| 270|0x0000000710e00000, 0x0000000710f00000, 0x0000000710f00000|100%| E|CS|TS 35|AC  0|TAMS 0x0000000710e00000, 0x0000000710e00000|
| 271|0x0000000710f00000, 0x0000000711000000, 0x0000000711000000|100%| E|CS|TS 35|AC  0|TAMS 0x0000000710f00000, 0x0000000710f00000|
| 272|0x0000000711000000, 0x0000000711100000, 0x0000000711100000|100%| E|CS|TS 35|AC  0|TAMS 0x0000000711000000, 0x0000000711000000|
| 273|0x0000000711100000, 0x0000000711200000, 0x0000000711200000|100%| E|CS|TS 35|AC  0|TAMS 0x0000000711100000, 0x0000000711100000|
| 274|0x0000000711200000, 0x0000000711300000, 0x0000000711300000|100%| E|CS|TS 35|AC  0|TAMS 0x0000000711200000, 0x0000000711200000|
| 275|0x0000000711300000, 0x0000000711400000, 0x0000000711400000|100%| E|CS|TS 35|AC  0|TAMS 0x0000000711300000, 0x0000000711300000|
| 276|0x0000000711400000, 0x0000000711500000, 0x0000000711500000|100%| E|CS|TS 35|AC  0|TAMS 0x0000000711400000, 0x0000000711400000|
| 277|0x0000000711500000, 0x0000000711600000, 0x0000000711600000|100%| E|CS|TS 35|AC  0|TAMS 0x0000000711500000, 0x0000000711500000|
| 278|0x0000000711600000, 0x0000000711700000, 0x0000000711700000|100%| E|CS|TS 35|AC  0|TAMS 0x0000000711600000, 0x0000000711600000|
| 279|0x0000000711700000, 0x0000000711800000, 0x0000000711800000|100%| E|CS|TS 35|AC  0|TAMS 0x0000000711700000, 0x0000000711700000|
| 280|0x0000000711800000, 0x0000000711900000, 0x0000000711900000|100%| E|CS|TS 35|AC  0|TAMS 0x0000000711800000, 0x0000000711800000|

Card table byte_map: [0x0000027b69da0000,0x0000027b6a3a0000] byte_map_base: 0x0000027b665a0000

Marking Bits (Prev, Next): (CMBitMap*) 0x0000027b53153178, (CMBitMap*) 0x0000027b53153140
 Prev Bits: [0x0000027b6d9a0000, 0x0000027b709a0000)
 Next Bits: [0x0000027b6a9a0000, 0x0000027b6d9a0000)

Polling page: 0x0000027b48a70000

CodeHeap 'non-profiled nmethods': size=120000Kb used=24098Kb max_used=24286Kb free=95901Kb
 bounds [0x0000027b62270000, 0x0000027b63a40000, 0x0000027b697a0000]
CodeHeap 'profiled nmethods': size=120000Kb used=48840Kb max_used=50807Kb free=71159Kb
 bounds [0x0000027b5ad40000, 0x0000027b5df30000, 0x0000027b62270000]
CodeHeap 'non-nmethods': size=5760Kb used=1823Kb max_used=1878Kb free=3937Kb
 bounds [0x0000027b5a7a0000, 0x0000027b5aa10000, 0x0000027b5ad40000]
 total_blobs=35667 nmethods=19195 adapters=1174
 compilation: enabled

Compilation events (10 events):
Event: 1295.877 Thread 0x0000027b50a58000 nmethod 24632 0x0000027b5b10ce10 code [0x0000027b5b10d020, 0x0000027b5b10da80]
Event: 1295.877 Thread 0x0000027b4f8f0800 nmethod 24633 0x0000027b62789e90 code [0x0000027b6278a020, 0x0000027b6278a0f8]
Event: 1295.902 Thread 0x0000027b4f6ef800 24634       4       ui.utils.lnf.HSyntheticaJideTabbedPaneUI::getContentBorderInsets (270 bytes)
Event: 1295.905 Thread 0x0000027b4f6ef800 nmethod 24634 0x0000027b6288b190 code [0x0000027b6288b360, 0x0000027b6288b6e8]
Event: 1295.923 Thread 0x0000027b50a58000 24635       3       com.jidesoft.grid.SortableTableModel::isMultiColumnSortable (8 bytes)
Event: 1295.923 Thread 0x0000027b50a58000 nmethod 24635 0x0000027b5aeb6b10 code [0x0000027b5aeb6cc0, 0x0000027b5aeb6e58]
Event: 1296.001 Thread 0x0000027b50a58000 24636       3       ui.b.c.b.R::a (9 bytes)
Event: 1296.001 Thread 0x0000027b50a58000 nmethod 24636 0x0000027b5aef1d10 code [0x0000027b5aef1ec0, 0x0000027b5aef20d0]
Event: 1296.001 Thread 0x0000027b50a58000 24637       3       ui.b.c.b.R::a (100 bytes)
Event: 1296.002 Thread 0x0000027b50a58000 nmethod 24637 0x0000027b5b429d90 code [0x0000027b5b42a0a0, 0x0000027b5b42ba50]

GC Heap History (10 events):
Event: 1248.573 GC heap before
{Heap before GC invocations=363 (full 15):
 garbage-first heap   total 287744K, used 149390K [0x0000000700000000, 0x00000007001008c8, 0x00000007c0000000)
  region size 1024K, 60 young (61440K), 2 survivors (2048K)
 Metaspace       used 90949K, capacity 97826K, committed 98176K, reserved 1134592K
  class space    used 12672K, capacity 13857K, committed 13952K, reserved 1048576K
}
Event: 1248.575 GC heap after
{Heap after GC invocations=364 (full 15):
 garbage-first heap   total 287744K, used 89901K [0x0000000700000000, 0x00000007001008c8, 0x00000007c0000000)
  region size 1024K, 2 young (2048K), 2 survivors (2048K)
 Metaspace       used 90949K, capacity 97826K, committed 98176K, reserved 1134592K
  class space    used 12672K, capacity 13857K, committed 13952K, reserved 1048576K
}
Event: 1279.810 GC heap before
{Heap before GC invocations=364 (full 15):
 garbage-first heap   total 287744K, used 149293K [0x0000000700000000, 0x00000007001008c8, 0x00000007c0000000)
  region size 1024K, 60 young (61440K), 2 survivors (2048K)
 Metaspace       used 90951K, capacity 97826K, committed 98176K, reserved 1134592K
  class space    used 12672K, capacity 13857K, committed 13952K, reserved 1048576K
}
Event: 1279.812 GC heap after
{Heap after GC invocations=365 (full 15):
 garbage-first heap   total 287744K, used 90148K [0x0000000700000000, 0x00000007001008c8, 0x00000007c0000000)
  region size 1024K, 2 young (2048K), 2 survivors (2048K)
 Metaspace       used 90951K, capacity 97826K, committed 98176K, reserved 1134592K
  class space    used 12672K, capacity 13857K, committed 13952K, reserved 1048576K
}
Event: 1290.777 GC heap before
{Heap before GC invocations=365 (full 15):
 garbage-first heap   total 287744K, used 149540K [0x0000000700000000, 0x00000007001008c8, 0x00000007c0000000)
  region size 1024K, 60 young (61440K), 2 survivors (2048K)
 Metaspace       used 90959K, capacity 97826K, committed 98176K, reserved 1134592K
  class space    used 12672K, capacity 13857K, committed 13952K, reserved 1048576K
}
Event: 1290.779 GC heap after
{Heap after GC invocations=366 (full 15):
 garbage-first heap   total 287744K, used 90172K [0x0000000700000000, 0x00000007001008c8, 0x00000007c0000000)
  region size 1024K, 2 young (2048K), 2 survivors (2048K)
 Metaspace       used 90959K, capacity 97826K, committed 98176K, reserved 1134592K
  class space    used 12672K, capacity 13857K, committed 13952K, reserved 1048576K
}
Event: 1292.802 GC heap before
{Heap before GC invocations=366 (full 15):
 garbage-first heap   total 287744K, used 149564K [0x0000000700000000, 0x00000007001008c8, 0x00000007c0000000)
  region size 1024K, 60 young (61440K), 2 survivors (2048K)
 Metaspace       used 90981K, capacity 97826K, committed 98176K, reserved 1134592K
  class space    used 12672K, capacity 13857K, committed 13952K, reserved 1048576K
}
Event: 1292.805 GC heap after
{Heap after GC invocations=367 (full 15):
 garbage-first heap   total 287744K, used 92741K [0x0000000700000000, 0x00000007001008c8, 0x00000007c0000000)
  region size 1024K, 5 young (5120K), 5 survivors (5120K)
 Metaspace       used 90981K, capacity 97826K, committed 98176K, reserved 1134592K
  class space    used 12672K, capacity 13857K, committed 13952K, reserved 1048576K
}
Event: 1295.826 GC heap before
{Heap before GC invocations=367 (full 15):
 garbage-first heap   total 287744K, used 149061K [0x0000000700000000, 0x00000007001008c8, 0x00000007c0000000)
  region size 1024K, 60 young (61440K), 5 survivors (5120K)
 Metaspace       used 90996K, capacity 97826K, committed 98176K, reserved 1134592K
  class space    used 12672K, capacity 13857K, committed 13952K, reserved 1048576K
}
Event: 1295.829 GC heap after
{Heap after GC invocations=368 (full 15):
 garbage-first heap   total 287744K, used 93021K [0x0000000700000000, 0x00000007001008c8, 0x00000007c0000000)
  region size 1024K, 5 young (5120K), 5 survivors (5120K)
 Metaspace       used 90996K, capacity 97826K, committed 98176K, reserved 1134592K
  class space    used 12672K, capacity 13857K, committed 13952K, reserved 1048576K
}

Deoptimization events (10 events):
Event: 1124.947 Thread 0x0000027b74a92000 Uncommon trap: reason=class_check action=maybe_recompile pc=0x0000027b62d5e3bc method=java.lang.Float.equals(Ljava/lang/Object;)Z @ 1 c2
Event: 1124.947 Thread 0x0000027b74a92000 Uncommon trap: reason=class_check action=maybe_recompile pc=0x0000027b62d5e3bc method=java.lang.Float.equals(Ljava/lang/Object;)Z @ 1 c2
Event: 1124.947 Thread 0x0000027b74a92000 Uncommon trap: reason=class_check action=maybe_recompile pc=0x0000027b62d5e3bc method=java.lang.Float.equals(Ljava/lang/Object;)Z @ 1 c2
Event: 1124.947 Thread 0x0000027b74a92000 Uncommon trap: reason=class_check action=maybe_recompile pc=0x0000027b62d5e3bc method=java.lang.Float.equals(Ljava/lang/Object;)Z @ 1 c2
Event: 1124.947 Thread 0x0000027b74a92000 Uncommon trap: reason=class_check action=maybe_recompile pc=0x0000027b62c37960 method=com.jidesoft.grid.CellSpanTable.isCellSpanOn()Z @ 54 c2
Event: 1134.841 Thread 0x0000027b74a92000 Uncommon trap: reason=class_check action=maybe_recompile pc=0x0000027b6257f728 method=sun.awt.windows.WComponentPeer.handleJavaMouseEvent(Ljava/awt/event/MouseEvent;)V @ 39 c2
Event: 1178.563 Thread 0x0000027b74a92000 Uncommon trap: reason=class_check action=maybe_recompile pc=0x0000027b6257f728 method=sun.awt.windows.WComponentPeer.handleJavaMouseEvent(Ljava/awt/event/MouseEvent;)V @ 39 c2
Event: 1213.065 Thread 0x0000027b74a92000 Uncommon trap: reason=unstable_if action=reinterpret pc=0x0000027b62781548 method=com.jidesoft.editor.CodeEditor.modelToViewPosition(Lcom/jidesoft/editor/caret/CaretPosition;)Lcom/jidesoft/editor/caret/CaretPosition; @ 62 c2
Event: 1213.065 Thread 0x0000027b74a92000 Uncommon trap: reason=unstable_if action=reinterpret pc=0x0000027b63296630 method=com.jidesoft.editor.CodeEditor.modelPositionToOffset(Lcom/jidesoft/editor/caret/CaretPosition;)I @ 126 c2
Event: 1292.145 Thread 0x0000027b74a92000 Uncommon trap: reason=class_check action=maybe_recompile pc=0x0000027b6257f728 method=sun.awt.windows.WComponentPeer.handleJavaMouseEvent(Ljava/awt/event/MouseEvent;)V @ 39 c2

Classes redefined (0 events):
No events

Internal exceptions (10 events):
Event: 1121.164 Thread 0x0000027b74816000 Exception <a 'java/lang/InterruptedException'{0x0000000712083b70}: sleep interrupted> (0x0000000712083b70) thrown at [t:/workspace/hotspot/src/share/vm/prims/jvm.cpp, line 2984]
Event: 1135.251 Thread 0x0000027b74a92000 Exception <a 'java/io/FileNotFoundException'{0x00000007117bb798}> (0x00000007117bb798) thrown at [t:/workspace/hotspot/src/share/vm/prims/jni.cpp, line 604]
Event: 1135.270 Thread 0x0000027b74a92000 Exception <a 'java/io/FileNotFoundException'{0x0000000711645770}> (0x0000000711645770) thrown at [t:/workspace/hotspot/src/share/vm/prims/jni.cpp, line 604]
Event: 1136.032 Thread 0x0000027b74a92000 Exception <a 'java/io/FileNotFoundException'{0x0000000711043278}> (0x0000000711043278) thrown at [t:/workspace/hotspot/src/share/vm/prims/jni.cpp, line 604]
Event: 1136.032 Thread 0x0000027b74a92000 Exception <a 'java/io/FileNotFoundException'{0x00000007110444a8}> (0x00000007110444a8) thrown at [t:/workspace/hotspot/src/share/vm/prims/jni.cpp, line 604]
Event: 1160.227 Thread 0x0000027b74811800 Exception <a 'java/lang/InterruptedException'{0x000000070f61aec8}: sleep interrupted> (0x000000070f61aec8) thrown at [t:/workspace/hotspot/src/share/vm/prims/jvm.cpp, line 2984]
Event: 1178.995 Thread 0x0000027b74a92000 Exception <a 'java/io/FileNotFoundException'{0x000000070f8f8050}> (0x000000070f8f8050) thrown at [t:/workspace/hotspot/src/share/vm/prims/jni.cpp, line 604]
Event: 1178.995 Thread 0x0000027b74a92000 Exception <a 'java/io/FileNotFoundException'{0x000000070f8f90b8}> (0x000000070f8f90b8) thrown at [t:/workspace/hotspot/src/share/vm/prims/jni.cpp, line 604]
Event: 1232.230 Thread 0x0000027b7480f000 Exception <a 'java/lang/InterruptedException'{0x000000071011cb08}: sleep interrupted> (0x000000071011cb08) thrown at [t:/workspace/hotspot/src/share/vm/prims/jvm.cpp, line 2984]
Event: 1289.064 Thread 0x0000027b74810800 Exception <a 'java/lang/InterruptedException'{0x0000000710d309f8}: sleep interrupted> (0x0000000710d309f8) thrown at [t:/workspace/hotspot/src/share/vm/prims/jvm.cpp, line 2984]

Events (10 events):
Event: 1294.357 Thread 0x0000027b7480f000 Thread exited: 0x0000027b7480f000
Event: 1294.372 Thread 0x0000027b7480f000 Thread added: 0x0000027b7480f000
Event: 1294.874 Executing VM operation: RevokeBias
Event: 1294.875 Executing VM operation: RevokeBias done
Event: 1294.875 Executing VM operation: RevokeBias
Event: 1294.875 Executing VM operation: RevokeBias done
Event: 1295.356 Thread 0x0000027b74816800 Thread added: 0x0000027b74816800
Event: 1295.358 Thread 0x0000027b74816800 Thread exited: 0x0000027b74816800
Event: 1295.825 Executing VM operation: G1IncCollectionPause
Event: 1295.829 Executing VM operation: G1IncCollectionPause done


Dynamic libraries:
0x00007ff738f70000 - 0x00007ff738fa0000 	C:\Xilinx\Vivado\2018.3\bin\unwrapped\win64.o\vivado.exe
0x00007ffaa45e0000 - 0x00007ffaa47c1000 	C:\Windows\SYSTEM32\ntdll.dll
0x00007ffaa3260000 - 0x00007ffaa3311000 	C:\Windows\System32\KERNEL32.DLL
0x00007ffaa0740000 - 0x00007ffaa09b3000 	C:\Windows\System32\KERNELBASE.dll
0x00007ffaa0a20000 - 0x00007ffaa0b18000 	C:\Windows\System32\ucrtbase.dll
0x00007ffa951e0000 - 0x00007ffa9527d000 	C:\Windows\SYSTEM32\MSVCP140.dll
0x00007ffa9d570000 - 0x00007ffa9d584000 	C:\Xilinx\Vivado\2018.3\lib\win64.o\librdi_commonmain.dll
0x00007ffa99100000 - 0x00007ffa99117000 	C:\Windows\SYSTEM32\VCRUNTIME140.dll
0x00007ffa9d550000 - 0x00007ffa9d564000 	C:\Xilinx\Vivado\2018.3\lib\win64.o\libboost_signals.dll
0x00007ffa9b2a0000 - 0x00007ffa9b2c6000 	C:\Xilinx\Vivado\2018.3\lib\win64.o\libboost_filesystem.dll
0x00007ffa9d5e0000 - 0x00007ffa9d5ea000 	C:\Xilinx\Vivado\2018.3\lib\win64.o\librdi_commonversion.dll
0x00007ffaa3490000 - 0x00007ffaa3531000 	C:\Windows\System32\ADVAPI32.dll
0x00007ffaa3540000 - 0x00007ffaa35de000 	C:\Windows\System32\msvcrt.dll
0x00007ffaa2d00000 - 0x00007ffaa2d5b000 	C:\Windows\System32\sechost.dll
0x00007ffaa43b0000 - 0x00007ffaa44d4000 	C:\Windows\System32\RPCRT4.dll
0x00007ffa76890000 - 0x00007ffa769b1000 	C:\Xilinx\Vivado\2018.3\lib\win64.o\librdi_commonxillic.dll
0x00007ffaa3760000 - 0x00007ffaa38f0000 	C:\Windows\System32\USER32.dll
0x00007ffaa0eb0000 - 0x00007ffaa0ed0000 	C:\Windows\System32\win32u.dll
0x0000000057bc0000 - 0x0000000057ceb000 	C:\Xilinx\Vivado\2018.3\lib\win64.o\tcl85t.dll
0x00007ffaa44e0000 - 0x00007ffaa4508000 	C:\Windows\System32\GDI32.dll
0x00007ffaa3c10000 - 0x00007ffaa3c7c000 	C:\Windows\System32\WS2_32.dll
0x00007ffa6dbb0000 - 0x00007ffa6ea44000 	C:\Xilinx\Vivado\2018.3\lib\win64.o\librdi_common.dll
0x00007ffaa0be0000 - 0x00007ffaa0d71000 	C:\Windows\System32\gdi32full.dll
0x00007ffaa18b0000 - 0x00007ffaa2cf5000 	C:\Windows\System32\SHELL32.dll
0x00007ffaa06a0000 - 0x00007ffaa073f000 	C:\Windows\System32\msvcp_win.dll
0x00007ffaa0e30000 - 0x00007ffaa0e79000 	C:\Windows\System32\cfgmgr32.dll
0x00007ffa9c9d0000 - 0x00007ffa9c9db000 	C:\Xilinx\Vivado\2018.3\lib\win64.o\libboost_system.dll
0x00007ffaa3c80000 - 0x00007ffaa3d29000 	C:\Windows\System32\shcore.dll
0x00007ffaa4080000 - 0x00007ffaa43a1000 	C:\Windows\System32\combase.dll
0x00007ffaa1830000 - 0x00007ffaa18a9000 	C:\Windows\System32\bcryptPrimitives.dll
0x00007ffaa10c0000 - 0x00007ffaa17d0000 	C:\Windows\System32\windows.storage.dll
0x00007ffa777f0000 - 0x00007ffa77904000 	C:\Xilinx\Vivado\2018.3\lib\win64.o\libboost_regex.dll
0x00007ffa765d0000 - 0x00007ffa76885000 	C:\Xilinx\Vivado\2018.3\lib\win64.o\libXil_lmgr11.dll
0x00007ffaa3600000 - 0x00007ffaa3651000 	C:\Windows\System32\shlwapi.dll
0x00007ffaa33a0000 - 0x00007ffaa348d000 	C:\Windows\System32\COMDLG32.dll
0x00007ffaa0660000 - 0x00007ffaa0671000 	C:\Windows\System32\kernel.appcore.dll
0x00007ffaa0680000 - 0x00007ffaa069f000 	C:\Windows\System32\profapi.dll
0x00007ffa6f230000 - 0x00007ffa6f59e000 	C:\Xilinx\Vivado\2018.3\lib\win64.o\libCOIN-all.dll
0x00007ffaa17d0000 - 0x00007ffaa181c000 	C:\Windows\System32\powrprof.dll
0x00007ffaa3b40000 - 0x00007ffaa3c02000 	C:\Windows\System32\OLEAUT32.dll
0x00007ffa9c990000 - 0x00007ffa9c9a4000 	C:\Xilinx\Vivado\2018.3\lib\win64.o\libboost_date_time.dll
0x00007ffaa0650000 - 0x00007ffaa065a000 	C:\Windows\System32\FLTLIB.DLL
0x00007ffaa3da0000 - 0x00007ffaa3ef1000 	C:\Windows\System32\ole32.dll
0x00007ffaa09c0000 - 0x00007ffaa0a17000 	C:\Windows\System32\WINTRUST.dll
0x00007ffa90350000 - 0x00007ffa903cf000 	C:\Xilinx\Vivado\2018.3\lib\win64.o\libboost_program_options.dll
0x00007ffaa0600000 - 0x00007ffaa0612000 	C:\Windows\System32\MSASN1.dll
0x00007ffaa0ed0000 - 0x00007ffaa10b2000 	C:\Windows\System32\CRYPT32.dll
0x00007ffa9a8c0000 - 0x00007ffa9a8e1000 	C:\Xilinx\Vivado\2018.3\lib\win64.o\libboost_thread.dll
0x00007ffa8eef0000 - 0x00007ffa8ef72000 	C:\Xilinx\Vivado\2018.3\lib\win64.o\libhdlpsolve.dll
0x00007ffa9c950000 - 0x00007ffa9c95f000 	C:\Xilinx\Vivado\2018.3\lib\win64.o\libboost_xilinx.dll
0x00007ffa76520000 - 0x00007ffa765c5000 	C:\Xilinx\Vivado\2018.3\lib\win64.o\libhdxml.dll
0x00007ffa9a260000 - 0x00007ffa9a28e000 	C:\Xilinx\Vivado\2018.3\lib\win64.o\libisl_sysinfo.dll
0x00007ffa9b380000 - 0x00007ffa9b39a000 	C:\Xilinx\Vivado\2018.3\lib\win64.o\pthreadVC2.dll
0x00007ffa902e0000 - 0x00007ffa90345000 	C:\Xilinx\Vivado\2018.3\lib\win64.o\liblmx6.0.dll
0x00007ffa9b340000 - 0x00007ffa9b35c000 	C:\Xilinx\Vivado\2018.3\lib\win64.o\librdiconfig.dll
0x00007ffa99ee0000 - 0x00007ffa99f01000 	C:\Xilinx\Vivado\2018.3\lib\win64.o\librdizlib.dll
0x0000000012000000 - 0x0000000012272000 	C:\Xilinx\Vivado\2018.3\lib\win64.o\xerces-c_3_1.dll
0x00007ffa95280000 - 0x00007ffa95297000 	C:\Windows\SYSTEM32\NETAPI32.dll
0x00007ffa8f670000 - 0x00007ffa8fb2d000 	C:\Windows\SYSTEM32\WININET.dll
0x00007ffa9c5c0000 - 0x00007ffa9c69d000 	C:\Windows\SYSTEM32\WINHTTP.dll
0x00007ffa6d360000 - 0x00007ffa6dbae600 	C:\Xilinx\Vivado\2018.3\lib\win64.o\libisl_iostreams.dll
0x00007ffa919b0000 - 0x00007ffa91b7a000 	C:\Windows\SYSTEM32\urlmon.dll
0x00007ffa94390000 - 0x00007ffa94437000 	C:\Windows\WinSxS\amd64_microsoft.windows.common-controls_6595b64144ccf1df_5.82.17134.1246_none_5575194b26605b80\COMCTL32.dll
0x00007ffa8d2b0000 - 0x00007ffa8d2b9000 	C:\Windows\SYSTEM32\WSOCK32.dll
0x00007ffa8eec0000 - 0x00007ffa8eeee000 	C:\Windows\SYSTEM32\VCOMP140.DLL
0x00007ffa9be20000 - 0x00007ffa9be3a000 	C:\Windows\SYSTEM32\dhcpcsvc.DLL
0x00007ffaa35f0000 - 0x00007ffaa35f8000 	C:\Windows\System32\NSI.dll
0x00007ffa6c4c0000 - 0x00007ffa6d351000 	C:\Xilinx\Vivado\2018.3\lib\win64.o\gurobi65.dll
0x00007ffa9c940000 - 0x00007ffa9c94d000 	C:\Xilinx\Vivado\2018.3\lib\win64.o\libboost_chrono.dll
0x00007ffa9bae0000 - 0x00007ffa9bd87000 	C:\Windows\SYSTEM32\iertutil.dll
0x00007ffa9b280000 - 0x00007ffa9b29b000 	C:\Xilinx\Vivado\2018.3\lib\win64.o\libboost_iostreams.dll
0x00007ffa8ee90000 - 0x00007ffa8eeb5000 	C:\Xilinx\Vivado\2018.3\lib\win64.o\libisl_iosutils.dll
0x00007ffaa0020000 - 0x00007ffaa002b000 	C:\Windows\SYSTEM32\CRYPTBASE.DLL
0x00007ffa9fc50000 - 0x00007ffa9fc5e000 	C:\Windows\SYSTEM32\NETUTILS.DLL
0x00007ffaa2d60000 - 0x00007ffaa2d8d000 	C:\Windows\System32\IMM32.DLL
0x00007ffa6bfc0000 - 0x00007ffa6c4b5000 	C:\Xilinx\Vivado\2018.3\lib\win64.o\librdi_commontasks.dll
0x00007ffa9b370000 - 0x00007ffa9b37a000 	C:\Windows\SYSTEM32\VERSION.dll
0x0000000057190000 - 0x0000000057bb5000 	C:\Xilinx\Vivado\2018.3\tps\win64\jre9.0.4\bin\server\jvm.dll
0x00007ffa74cc0000 - 0x00007ffa74f3f000 	C:\Xilinx\Vivado\2018.3\lib\win64.o\librdi_sio.dll
0x00007ffaa0e80000 - 0x00007ffaa0ea3000 	C:\Windows\System32\WINMM.dll
0x00007ffaa0620000 - 0x00007ffaa064a000 	C:\Windows\System32\WINMMBASE.dll
0x00007ffa9fb50000 - 0x00007ffa9fb88000 	C:\Windows\SYSTEM32\IPHLPAPI.DLL
0x00007ffaa3d30000 - 0x00007ffaa3d38000 	C:\Windows\System32\PSAPI.DLL
0x00007ffa76430000 - 0x00007ffa7651f000 	C:\Windows\SYSTEM32\MSVCR120.dll
0x00007ffa9fe50000 - 0x00007ffa9feb6000 	C:\Windows\SYSTEM32\MSWSOCK.DLL
0x00007ffa686e0000 - 0x00007ffa6aaa2000 	C:\Xilinx\Vivado\2018.3\lib\win64.o\librdi_tcltasks.dll
0x00007ffa77390000 - 0x00007ffa773fa000 	C:\Xilinx\Vivado\2018.3\lib\win64.o\librdi_boarddep.dll
0x00007ffa76350000 - 0x00007ffa7642c000 	C:\Xilinx\Vivado\2018.3\lib\win64.o\librdi_chipscope.dll
0x00007ffa68300000 - 0x00007ffa686dc000 	C:\Xilinx\Vivado\2018.3\lib\win64.o\librdi_bitstream.dll
0x00007ffa76110000 - 0x00007ffa7628e000 	C:\Xilinx\Vivado\2018.3\lib\win64.o\librdi_board.dll
0x00007ffa71560000 - 0x00007ffa71719000 	C:\Xilinx\Vivado\2018.3\lib\win64.o\librdi_chipscopeimpl.dll
0x00007ffa5e440000 - 0x00007ffa5fd45000 	C:\Xilinx\Vivado\2018.3\lib\win64.o\librdi_constraints.dll
0x00007ffa73390000 - 0x00007ffa734d8000 	C:\Xilinx\Vivado\2018.3\lib\win64.o\librdi_containers.dll
0x00007ffa5c620000 - 0x00007ffa5e43f000 	C:\Xilinx\Vivado\2018.3\lib\win64.o\librdi_coregen.dll
0x00007ffa67c20000 - 0x00007ffa682fa000 	C:\Xilinx\Vivado\2018.3\lib\win64.o\librdi_coregenipxact.dll
0x00007ffa67900000 - 0x00007ffa67c1b000 	C:\Xilinx\Vivado\2018.3\lib\win64.o\librdi_dlyest.dll
0x00007ffa754d0000 - 0x00007ffa75592000 	C:\Xilinx\Vivado\2018.3\lib\win64.o\librdi_dsp.dll
0x00007ffa66700000 - 0x00007ffa66c60000 	C:\Xilinx\Vivado\2018.3\lib\win64.o\librdi_drc.dll
0x00007ffa63a70000 - 0x00007ffa640af000 	C:\Xilinx\Vivado\2018.3\lib\win64.o\librdi_filemgmt.dll
0x00007ffa86ba0000 - 0x00007ffa86bfd000 	C:\Xilinx\Vivado\2018.3\lib\win64.o\librdi_hdf.dll
0x00007ffa55c60000 - 0x00007ffa59a5b000 	C:\Xilinx\Vivado\2018.3\lib\win64.o\librdi_designutils.dll
0x00007ffa67620000 - 0x00007ffa678fa000 	C:\Xilinx\Vivado\2018.3\lib\win64.o\librdi_guitools.dll
0x00007ffa5b280000 - 0x00007ffa5c611000 	C:\Xilinx\Vivado\2018.3\lib\win64.o\librdi_implflow.dll
0x00007ffa76b70000 - 0x00007ffa76be1000 	C:\Xilinx\Vivado\2018.3\lib\win64.o\librdi_memoryarray.dll
0x00007ffa5ac60000 - 0x00007ffa5b275000 	C:\Xilinx\Vivado\2018.3\lib\win64.o\librdi_memdata.dll
0x00007ffa5a620000 - 0x00007ffa5ac5b000 	C:\Xilinx\Vivado\2018.3\lib\win64.o\librdi_netlist.dll
0x00007ffa888d0000 - 0x00007ffa88920000 	C:\Xilinx\Vivado\2018.3\lib\win64.o\librdi_pfi.dll
0x00007ffa63760000 - 0x00007ffa63a67000 	C:\Xilinx\Vivado\2018.3\lib\win64.o\librdi_platform.dll
0x00007ffa44f00000 - 0x00007ffa55c52000 	C:\Xilinx\Vivado\2018.3\lib\win64.o\librdi_device.dll
0x00007ffa3e930000 - 0x00007ffa3f025000 	C:\Xilinx\Vivado\2018.3\lib\win64.o\librdi_power.dll
0x00007ffa3e3d0000 - 0x00007ffa3e926000 	C:\Xilinx\Vivado\2018.3\lib\win64.o\librdi_project.dll
0x00007ffa3dcd0000 - 0x00007ffa3e3c3000 	C:\Xilinx\Vivado\2018.3\lib\win64.o\librdi_psta.dll
0x00007ffa3d5f0000 - 0x00007ffa3dcc9000 	C:\Xilinx\Vivado\2018.3\lib\win64.o\librdi_rsb.dll
0x00007ffa5a240000 - 0x00007ffa5a617000 	C:\Xilinx\Vivado\2018.3\lib\win64.o\librdi_runs.dll
0x00007ffa3f030000 - 0x00007ffa41544000 	C:\Xilinx\Vivado\2018.3\lib\win64.o\librdi_place.dll
0x00007ffa71480000 - 0x00007ffa71558000 	C:\Xilinx\Vivado\2018.3\lib\win64.o\librdi_runsbase.dll
0x00007ffa59c50000 - 0x00007ffa59e78000 	C:\Xilinx\Vivado\2018.3\lib\win64.o\librdi_simdata.dll
0x00007ffa70320000 - 0x00007ffa70474000 	C:\Xilinx\Vivado\2018.3\lib\win64.o\librdi_advchipscopeimpl.dll
0x00007ffa3c860000 - 0x00007ffa3d5ed000 	C:\Xilinx\Vivado\2018.3\lib\win64.o\librdi_timing.dll
0x00007ffa835e0000 - 0x00007ffa8362c000 	C:\Xilinx\Vivado\2018.3\lib\win64.o\libboost_serialization.dll
0x00007ffa74c00000 - 0x00007ffa74cb8000 	C:\Xilinx\Vivado\2018.3\lib\win64.o\librdi_hip_devdesign.dll
0x00007ffa710d0000 - 0x00007ffa7117b000 	C:\Xilinx\Vivado\2018.3\lib\win64.o\librdi_ipconfig_readwrite.dll
0x00007ffa8b8f0000 - 0x00007ffa8b928000 	C:\Xilinx\Vivado\2018.3\lib\win64.o\librdi_noc_frameworks.dll
0x00007ffa70900000 - 0x00007ffa7099e000 	C:\Xilinx\Vivado\2018.3\lib\win64.o\libise.dll
0x00007ffa41550000 - 0x00007ffa44efc000 	C:\Xilinx\Vivado\2018.3\lib\win64.o\librdi_mig.dll
0x00007ffa83540000 - 0x00007ffa83589000 	C:\Xilinx\Vivado\2018.3\lib\win64.o\librdi_wavedata_SimpleApi.dll
0x00007ffa3bd10000 - 0x00007ffa3c857000 	C:\Xilinx\Vivado\2018.3\lib\win64.o\libverific.dll
0x00007ffa3b720000 - 0x00007ffa3bd04000 	C:\Xilinx\Vivado\2018.3\lib\win64.o\librdi_wavedata.dll

VM Arguments:
jvm_args: -Dsun.java2d.pmoffscreen=false -Dsun.java2d.xrender=false -Dsun.java2d.d3d=false -Dsun.awt.nopixfmt=true -Dsun.java2d.dpiaware=true -Dsun.java2d.uiScale.enabled=false -Xverify:none -Dswing.aatext=true -XX:-UsePerfData -Djdk.map.althashing.threshold=512 -XX:StringTableSize=4072 --add-opens=java.base/java.nio=ALL-UNNAMED --add-opens=java.desktop/sun.swing=ALL-UNNAMED --add-opens=java.desktop/javax.swing=ALL-UNNAMED --add-opens=java.desktop/javax.swing.tree=ALL-UNNAMED --add-opens=java.desktop/javax.swing.plaf.basic=ALL-UNNAMED --add-opens=java.desktop/javax.swing.plaf.synth=ALL-UNNAMED --add-opens=java.desktop/com.sun.awt=ALL-UNNAMED -XX:NewSize=60m -XX:MaxNewSize=60m -Xms128m -Xmx3072m -Xss5m 
java_command: <unknown>
java_class_path (initial): C:/Xilinx/Vivado/2018.3\lib\classes\alloy.jar;C:/Xilinx/Vivado/2018.3\lib\classes\autopilot.scelaborator.jar;C:/Xilinx/Vivado/2018.3\lib\classes\autopilot.sourceprocessor.jar;C:/Xilinx/Vivado/2018.3\lib\classes\autopilot.tbprocessor.jar;C:/Xilinx/Vivado/2018.3\lib\classes\batik-anim.jar;C:/Xilinx/Vivado/2018.3\lib\classes\batik-awt-util.jar;C:/Xilinx/Vivado/2018.3\lib\classes\batik-bridge.jar;C:/Xilinx/Vivado/2018.3\lib\classes\batik-codec.jar;C:/Xilinx/Vivado/2018.3\lib\classes\batik-css.jar;C:/Xilinx/Vivado/2018.3\lib\classes\batik-dom.jar;C:/Xilinx/Vivado/2018.3\lib\classes\batik-ext.jar;C:/Xilinx/Vivado/2018.3\lib\classes\batik-gui-util.jar;C:/Xilinx/Vivado/2018.3\lib\classes\batik-gvt.jar;C:/Xilinx/Vivado/2018.3\lib\classes\batik-parser.jar;C:/Xilinx/Vivado/2018.3\lib\classes\batik-script.jar;C:/Xilinx/Vivado/2018.3\lib\classes\batik-svg-dom.jar;C:/Xilinx/Vivado/2018.3\lib\classes\batik-swing.jar;C:/Xilinx/Vivado/2018.3\lib\classes\batik-transcoder.jar;C:/Xilinx/Vivado/2018.3\lib\classes\batik-util.jar;C:/Xilinx/Vivado/2018.3\lib\classes\batik-xml.jar;C:/Xilinx/Vivado/2018.3\lib\classes\com.ibm.icu_4.4.2.v20110208.jar;C:/Xilinx/Vivado/2018.3\lib\classes\commons-collections4-4.1.jar;C:/Xilinx/Vivado/2018.3\lib\classes\commons-math-2.2.jar;C:/Xilinx/Vivado/2018.3\lib\classes\dom4j-1.6.1.jar;C:/Xilinx/Vivado/2018.3\lib\classes\guava-18.0.jar;C:/Xilinx/Vivado/2018.3\lib\classes\help.jar;C:/Xilinx/Vivado/2018.3\lib\classes\hsqldb.jar;C:/Xilinx/Vivado/2018.3\lib\classes\jargs.jar;C:/Xilinx/Vivado/2018.3\lib\classes\jaxb-api-2.3.0.jar;C:/Xilinx/Vivado/2018.3\lib\classes\jh.jar;C:/Xilinx/Vivado/2018.3\lib\classes\jide-action.jar;C:/Xilinx/Vivado/2018.3\lib\classes\jide-charts.jar;C:/Xilinx/Vivado/2018.3\lib\classes\jide-common.jar;C:/Xilinx/Vivado/2018.3\lib\classes\jide-components.jar;C:/Xilinx/Vivado/2018.3\lib\classes\jide-dashboard.jar;C:/Xilinx/Vivado/2018.3\lib\classes\jide-data.jar;C:/Xilinx/Vivado/2018.3\lib\classes\jide-dialogs.jar
Launcher Type: generic

Logging:
Log output configuration:
#0: stdout all=warning uptime,level,tags
#1: stderr all=off uptime,level,tags

Environment Variables:
JAVA_HOME=C:\Program Files\Java\jdk1.8.0_181
CLASSPATH=.;C:\Program Files\Java\jdk1.8.0_74\lib;C:\Program Files\Java\jdk1.8.0_74\lib\tools.jar
PATH=C:/Xilinx/Vivado/2018.3/bin;C:/Xilinx/Vivado/2018.3/lib/win64.o;C:/Xilinx/Vivado/2018.3/tps/win64/jre9.0.4/bin/server;C:/Xilinx/Vivado/2018.3/tps/win64/jre9.0.4/bin;C:/Xilinx/SDK/2018.3/bin;C:/Xilinx/Vivado/2018.3/ids_lite/ISE/bin/nt64;C:/Xilinx/Vivado/2018.3/ids_lite/ISE/lib/nt64;C:\Program Files\Common Files\Oracle\Java\javapath;C:\Program Files (x86)\Intel\Intel(R) Management Engine Components\iCLS\;C:\Program Files\Intel\Intel(R) Management Engine Components\iCLS\;C:\Windows\system32;C:\Windows;C:\Windows\System32\Wbem;C:\Windows\System32\WindowsPowerShell\v1.0\;C:\Windows\System32\OpenSSH\;C:\Program Files (x86)\Intel\Intel(R) Management Engine Components\DAL;C:\Program Files\Intel\Intel(R) Management Engine Components\DAL;C:\Program Files (x86)\Intel\Intel(R) Management Engine Components\IPT;C:\Program Files\Intel\Intel(R) Management Engine Components\IPT;C:\Program Files\Java\jdk1.8.0_74\bin;C:\Program Files\Java\jdk1.8.0_74\jre\bin;C:\Program Files\mingw-w64\x86_64-8.1.0-win32-seh-rt_v6-rev0\mingw64\bin;C:\Users\Administrator\AppData\Local\Programs\Python\Python37\Scripts\;C:\Users\Administrator\AppData\Local\Programs\Python\Python37\;C:\Users\Administrator\AppData\Local\Microsoft\WindowsApps;;C:\Program Files\JetBrains\IntelliJ IDEA Community Edition 2020.3.2\bin;C:\Users\Administrator\AppData\Local\Programs\Microsoft VS Code\bin;C:\Program Files\JetBrains\IntelliJ IDEA 2020.3.2\bin;C:/Xilinx/Vivado/2018.3\tps\mingw\6.2.0\win64.o\nt\bin;C:/Xilinx/Vivado/2018.3\tps\mingw\6.2.0\win64.o\nt\libexec\gcc\x86_64-w64-mingw32\6.2.0
USERNAME=Administrator
OS=Windows_NT
PROCESSOR_IDENTIFIER=Intel64 Family 6 Model 158 Stepping 10, GenuineIntel



---------------  S Y S T E M  ---------------

OS: Windows 10 , 64 bit Build 17134 (10.0.17134.753)

CPU:total 12 (initial active 12) (6 cores per cpu, 2 threads per core) family 6 model 158 stepping 10, cmov, cx8, fxsr, mmx, sse, sse2, sse3, ssse3, sse4.1, sse4.2, popcnt, avx, avx2, aes, clmul, erms, rtm, 3dnowpref, lzcnt, ht, tsc, tscinvbit, bmi1, bmi2, adx, fma

Memory: 4k page, physical 16656776k(11423580k free), swap 19671432k(13829436k free)

vm_info: Java HotSpot(TM) 64-Bit Server VM (9.0.4+11) for windows-amd64 JRE (9.0.4+11), built on Dec 20 2017 02:18:54 by "mach5one" with MS VC++ 12.0 (VS2013)

END.
