#-----------------------------------------------------------
# Vivado v2018.3 (64-bit)
# SW Build 2405991 on Thu Dec  6 23:38:27 MST 2018
# IP Build 2404404 on Fri Dec  7 01:43:56 MST 2018
# Start of session at: Sun Dec 19 20:40:13 2021
# Process ID: 14444
# Current directory: C:/Users/Administrator/Desktop/calculator_hex
# Command line: vivado.exe -gui_launcher_event rodinguilauncherevent4208 C:\Users\Administrator\Desktop\calculator_hex\calculator_hex.xpr
# Log file: C:/Users/Administrator/Desktop/calculator_hex/vivado.log
# Journal file: C:/Users/Administrator/Desktop/calculator_hex\vivado.jou
#-----------------------------------------------------------
start_gui
open_project C:/Users/Administrator/Desktop/calculator_hex/calculator_hex.xpr
Scanning sources...
Finished scanning sources
INFO: [IP_Flow 19-234] Refreshing IP repositories
INFO: [IP_Flow 19-1704] No user IP repositories specified
INFO: [IP_Flow 19-2313] Loaded Vivado IP repository 'C:/Xilinx/Vivado/2018.3/data/ip'.
update_compile_order -fileset sources_1
exit
INFO: [Common 17-206] Exiting Vivado at Sun Dec 19 20:41:02 2021...
