#-----------------------------------------------------------
# Vivado v2018.3 (64-bit)
# SW Build 2405991 on Thu Dec  6 23:38:27 MST 2018
# IP Build 2404404 on Fri Dec  7 01:43:56 MST 2018
# Start of session at: Wed Nov  3 20:06:14 2021
# Process ID: 9592
# Current directory: C:/Users/Administrator/Desktop/200110618/decoder_38
# Command line: vivado.exe -gui_launcher_event rodinguilauncherevent7020 C:\Users\Administrator\Desktop\200110618\decoder_38\decoder_38.xpr
# Log file: C:/Users/Administrator/Desktop/200110618/decoder_38/vivado.log
# Journal file: C:/Users/Administrator/Desktop/200110618/decoder_38\vivado.jou
#-----------------------------------------------------------
start_gui
open_project C:/Users/Administrator/Desktop/200110618/decoder_38/decoder_38.xpr
Scanning sources...
Finished scanning sources
INFO: [IP_Flow 19-234] Refreshing IP repositories
INFO: [IP_Flow 19-1704] No user IP repositories specified
INFO: [IP_Flow 19-2313] Loaded Vivado IP repository 'C:/Xilinx/Vivado/2018.3/data/ip'.
update_compile_order -fileset sources_1
exit
INFO: [Common 17-206] Exiting Vivado at Wed Nov  3 20:06:34 2021...
