#-----------------------------------------------------------
# Vivado v2018.3 (64-bit)
# SW Build 2405991 on Thu Dec  6 23:38:27 MST 2018
# IP Build 2404404 on Fri Dec  7 01:43:56 MST 2018
# Start of session at: Wed Nov  3 19:04:26 2021
# Process ID: 2280
# Current directory: C:/Users/Administrator/Desktop/200110618/decoder_38
# Command line: vivado.exe -gui_launcher_event rodinguilauncherevent2592 C:\Users\Administrator\Desktop\200110618\decoder_38\decoder_38.xpr
# Log file: C:/Users/Administrator/Desktop/200110618/decoder_38/vivado.log
# Journal file: C:/Users/Administrator/Desktop/200110618/decoder_38\vivado.jou
#-----------------------------------------------------------
start_gui
open_project C:/Users/Administrator/Desktop/200110618/decoder_38/decoder_38.xpr
Scanning sources...
Finished scanning sources
INFO: [IP_Flow 19-234] Refreshing IP repositories
INFO: [IP_Flow 19-1704] No user IP repositories specified
INFO: [IP_Flow 19-2313] Loaded Vivado IP repository 'C:/Xilinx/Vivado/2018.3/data/ip'.
file mkdir C:/Users/Administrator/Desktop/200110618/decoder_38/decoder_38.srcs/sources_1/new
close [ open C:/Users/Administrator/Desktop/200110618/decoder_38/decoder_38.srcs/sources_1/new/decoder_38.v w ]
add_files C:/Users/Administrator/Desktop/200110618/decoder_38/decoder_38.srcs/sources_1/new/decoder_38.v
update_compile_order -fileset sources_1
launch_simulation
INFO: [Vivado 12-5682] Launching behavioral simulation in 'C:/Users/Administrator/Desktop/200110618/decoder_38/decoder_38.sim/sim_1/behav/xsim'
INFO: [SIM-utils-51] Simulation object is 'sim_1'
INFO: [SIM-utils-54] Inspecting design source files for 'decoder_38' in fileset 'sim_1'...
INFO: [USF-XSim-97] Finding global include files...
INFO: [USF-XSim-98] Fetching design files from 'sim_1'...
INFO: [USF-XSim-2] XSim::Compile design
INFO: [USF-XSim-61] Executing 'COMPILE and ANALYZE' step in 'C:/Users/Administrator/Desktop/200110618/decoder_38/decoder_38.sim/sim_1/behav/xsim'
"xvlog --incr --relax -prj decoder_38_vlog.prj"
INFO: [VRFC 10-2263] Analyzing Verilog file "C:/Users/Administrator/Desktop/200110618/decoder_38/decoder_38.srcs/sources_1/new/decoder_38.v" into library xil_defaultlib
INFO: [VRFC 10-311] analyzing module decoder_38
ERROR: [VRFC 10-1412] syntax error near non-printable character with the hex value '0xa3' [C:/Users/Administrator/Desktop/200110618/decoder_38/decoder_38.srcs/sources_1/new/decoder_38.v:28]
WARNING: [VRFC 10-2096] empty statement in always construct [C:/Users/Administrator/Desktop/200110618/decoder_38/decoder_38.srcs/sources_1/new/decoder_38.v:28]
ERROR: [VRFC 10-1412] syntax error near = [C:/Users/Administrator/Desktop/200110618/decoder_38/decoder_38.srcs/sources_1/new/decoder_38.v:33]
ERROR: [VRFC 10-1412] syntax error near = [C:/Users/Administrator/Desktop/200110618/decoder_38/decoder_38.srcs/sources_1/new/decoder_38.v:34]
ERROR: [VRFC 10-1412] syntax error near = [C:/Users/Administrator/Desktop/200110618/decoder_38/decoder_38.srcs/sources_1/new/decoder_38.v:35]
ERROR: [VRFC 10-1412] syntax error near = [C:/Users/Administrator/Desktop/200110618/decoder_38/decoder_38.srcs/sources_1/new/decoder_38.v:36]
ERROR: [VRFC 10-1412] syntax error near = [C:/Users/Administrator/Desktop/200110618/decoder_38/decoder_38.srcs/sources_1/new/decoder_38.v:37]
ERROR: [VRFC 10-1412] syntax error near = [C:/Users/Administrator/Desktop/200110618/decoder_38/decoder_38.srcs/sources_1/new/decoder_38.v:38]
ERROR: [VRFC 10-1412] syntax error near = [C:/Users/Administrator/Desktop/200110618/decoder_38/decoder_38.srcs/sources_1/new/decoder_38.v:39]
ERROR: [VRFC 10-1412] syntax error near = [C:/Users/Administrator/Desktop/200110618/decoder_38/decoder_38.srcs/sources_1/new/decoder_38.v:40]
ERROR: [VRFC 10-1412] syntax error near = [C:/Users/Administrator/Desktop/200110618/decoder_38/decoder_38.srcs/sources_1/new/decoder_38.v:41]
WARNING: [VRFC 10-1771] potential always loop found [C:/Users/Administrator/Desktop/200110618/decoder_38/decoder_38.srcs/sources_1/new/decoder_38.v:28]
ERROR: [VRFC 10-2939] 'enable' is an unknown type [C:/Users/Administrator/Desktop/200110618/decoder_38/decoder_38.srcs/sources_1/new/decoder_38.v:28]
ERROR: [VRFC 10-2951] 'switch' is not a constant [C:/Users/Administrator/Desktop/200110618/decoder_38/decoder_38.srcs/sources_1/new/decoder_38.v:32]
ERROR: [VRFC 10-2939] 'led' is an unknown type [C:/Users/Administrator/Desktop/200110618/decoder_38/decoder_38.srcs/sources_1/new/decoder_38.v:33]
ERROR: [VRFC 10-2939] 'led' is an unknown type [C:/Users/Administrator/Desktop/200110618/decoder_38/decoder_38.srcs/sources_1/new/decoder_38.v:34]
ERROR: [VRFC 10-2939] 'led' is an unknown type [C:/Users/Administrator/Desktop/200110618/decoder_38/decoder_38.srcs/sources_1/new/decoder_38.v:35]
ERROR: [VRFC 10-2939] 'led' is an unknown type [C:/Users/Administrator/Desktop/200110618/decoder_38/decoder_38.srcs/sources_1/new/decoder_38.v:36]
ERROR: [VRFC 10-2939] 'led' is an unknown type [C:/Users/Administrator/Desktop/200110618/decoder_38/decoder_38.srcs/sources_1/new/decoder_38.v:37]
ERROR: [VRFC 10-2939] 'led' is an unknown type [C:/Users/Administrator/Desktop/200110618/decoder_38/decoder_38.srcs/sources_1/new/decoder_38.v:38]
ERROR: [VRFC 10-2939] 'led' is an unknown type [C:/Users/Administrator/Desktop/200110618/decoder_38/decoder_38.srcs/sources_1/new/decoder_38.v:39]
INFO: [#UNDEF] Sorry, too many errors..
INFO: [USF-XSim-69] 'compile' step finished in '1' seconds
INFO: [USF-XSim-99] Step results log file:'C:/Users/Administrator/Desktop/200110618/decoder_38/decoder_38.sim/sim_1/behav/xsim/xvlog.log'
ERROR: [USF-XSim-62] 'compile' step failed with error(s). Please check the Tcl console output or 'C:/Users/Administrator/Desktop/200110618/decoder_38/decoder_38.sim/sim_1/behav/xsim/xvlog.log' file for more information.
ERROR: [Vivado 12-4473] Detected error while running simulation. Please correct the issue and retry this operation.
ERROR: [Common 17-39] 'launch_simulation' failed due to earlier errors.
launch_simulation
INFO: [Vivado 12-5682] Launching behavioral simulation in 'C:/Users/Administrator/Desktop/200110618/decoder_38/decoder_38.sim/sim_1/behav/xsim'
INFO: [SIM-utils-51] Simulation object is 'sim_1'
INFO: [SIM-utils-54] Inspecting design source files for 'decoder_38' in fileset 'sim_1'...
INFO: [USF-XSim-97] Finding global include files...
INFO: [USF-XSim-98] Fetching design files from 'sim_1'...
INFO: [USF-XSim-2] XSim::Compile design
INFO: [USF-XSim-61] Executing 'COMPILE and ANALYZE' step in 'C:/Users/Administrator/Desktop/200110618/decoder_38/decoder_38.sim/sim_1/behav/xsim'
"xvlog --incr --relax -prj decoder_38_vlog.prj"
INFO: [VRFC 10-2263] Analyzing Verilog file "C:/Users/Administrator/Desktop/200110618/decoder_38/decoder_38.srcs/sources_1/new/decoder_38.v" into library xil_defaultlib
INFO: [VRFC 10-311] analyzing module decoder_38
ERROR: [VRFC 10-1412] syntax error near non-printable character with the hex value '0xa3' [C:/Users/Administrator/Desktop/200110618/decoder_38/decoder_38.srcs/sources_1/new/decoder_38.v:27]
WARNING: [VRFC 10-2096] empty statement in always construct [C:/Users/Administrator/Desktop/200110618/decoder_38/decoder_38.srcs/sources_1/new/decoder_38.v:27]
ERROR: [VRFC 10-1412] syntax error near = [C:/Users/Administrator/Desktop/200110618/decoder_38/decoder_38.srcs/sources_1/new/decoder_38.v:32]
ERROR: [VRFC 10-1412] syntax error near = [C:/Users/Administrator/Desktop/200110618/decoder_38/decoder_38.srcs/sources_1/new/decoder_38.v:33]
ERROR: [VRFC 10-1412] syntax error near = [C:/Users/Administrator/Desktop/200110618/decoder_38/decoder_38.srcs/sources_1/new/decoder_38.v:34]
ERROR: [VRFC 10-1412] syntax error near = [C:/Users/Administrator/Desktop/200110618/decoder_38/decoder_38.srcs/sources_1/new/decoder_38.v:35]
ERROR: [VRFC 10-1412] syntax error near = [C:/Users/Administrator/Desktop/200110618/decoder_38/decoder_38.srcs/sources_1/new/decoder_38.v:36]
ERROR: [VRFC 10-1412] syntax error near = [C:/Users/Administrator/Desktop/200110618/decoder_38/decoder_38.srcs/sources_1/new/decoder_38.v:37]
ERROR: [VRFC 10-1412] syntax error near = [C:/Users/Administrator/Desktop/200110618/decoder_38/decoder_38.srcs/sources_1/new/decoder_38.v:38]
ERROR: [VRFC 10-1412] syntax error near = [C:/Users/Administrator/Desktop/200110618/decoder_38/decoder_38.srcs/sources_1/new/decoder_38.v:39]
ERROR: [VRFC 10-1412] syntax error near = [C:/Users/Administrator/Desktop/200110618/decoder_38/decoder_38.srcs/sources_1/new/decoder_38.v:40]
WARNING: [VRFC 10-1771] potential always loop found [C:/Users/Administrator/Desktop/200110618/decoder_38/decoder_38.srcs/sources_1/new/decoder_38.v:27]
ERROR: [VRFC 10-2939] 'enable' is an unknown type [C:/Users/Administrator/Desktop/200110618/decoder_38/decoder_38.srcs/sources_1/new/decoder_38.v:27]
ERROR: [VRFC 10-2951] 'switch' is not a constant [C:/Users/Administrator/Desktop/200110618/decoder_38/decoder_38.srcs/sources_1/new/decoder_38.v:31]
ERROR: [VRFC 10-2939] 'led' is an unknown type [C:/Users/Administrator/Desktop/200110618/decoder_38/decoder_38.srcs/sources_1/new/decoder_38.v:32]
ERROR: [VRFC 10-2939] 'led' is an unknown type [C:/Users/Administrator/Desktop/200110618/decoder_38/decoder_38.srcs/sources_1/new/decoder_38.v:33]
ERROR: [VRFC 10-2939] 'led' is an unknown type [C:/Users/Administrator/Desktop/200110618/decoder_38/decoder_38.srcs/sources_1/new/decoder_38.v:34]
ERROR: [VRFC 10-2939] 'led' is an unknown type [C:/Users/Administrator/Desktop/200110618/decoder_38/decoder_38.srcs/sources_1/new/decoder_38.v:35]
ERROR: [VRFC 10-2939] 'led' is an unknown type [C:/Users/Administrator/Desktop/200110618/decoder_38/decoder_38.srcs/sources_1/new/decoder_38.v:36]
ERROR: [VRFC 10-2939] 'led' is an unknown type [C:/Users/Administrator/Desktop/200110618/decoder_38/decoder_38.srcs/sources_1/new/decoder_38.v:37]
ERROR: [VRFC 10-2939] 'led' is an unknown type [C:/Users/Administrator/Desktop/200110618/decoder_38/decoder_38.srcs/sources_1/new/decoder_38.v:38]
INFO: [#UNDEF] Sorry, too many errors..
INFO: [USF-XSim-69] 'compile' step finished in '1' seconds
INFO: [USF-XSim-99] Step results log file:'C:/Users/Administrator/Desktop/200110618/decoder_38/decoder_38.sim/sim_1/behav/xsim/xvlog.log'
ERROR: [USF-XSim-62] 'compile' step failed with error(s). Please check the Tcl console output or 'C:/Users/Administrator/Desktop/200110618/decoder_38/decoder_38.sim/sim_1/behav/xsim/xvlog.log' file for more information.
ERROR: [Vivado 12-4473] Detected error while running simulation. Please correct the issue and retry this operation.
ERROR: [Common 17-39] 'launch_simulation' failed due to earlier errors.
launch_simulation
INFO: [Vivado 12-5682] Launching behavioral simulation in 'C:/Users/Administrator/Desktop/200110618/decoder_38/decoder_38.sim/sim_1/behav/xsim'
INFO: [SIM-utils-51] Simulation object is 'sim_1'
INFO: [SIM-utils-54] Inspecting design source files for 'decoder_38' in fileset 'sim_1'...
INFO: [USF-XSim-97] Finding global include files...
INFO: [USF-XSim-98] Fetching design files from 'sim_1'...
INFO: [USF-XSim-2] XSim::Compile design
INFO: [USF-XSim-61] Executing 'COMPILE and ANALYZE' step in 'C:/Users/Administrator/Desktop/200110618/decoder_38/decoder_38.sim/sim_1/behav/xsim'
"xvlog --incr --relax -prj decoder_38_vlog.prj"
INFO: [VRFC 10-2263] Analyzing Verilog file "C:/Users/Administrator/Desktop/200110618/decoder_38/decoder_38.srcs/sources_1/new/decoder_38.v" into library xil_defaultlib
INFO: [VRFC 10-311] analyzing module decoder_38
ERROR: [VRFC 10-1412] syntax error near non-printable character with the hex value '0xa3' [C:/Users/Administrator/Desktop/200110618/decoder_38/decoder_38.srcs/sources_1/new/decoder_38.v:27]
WARNING: [VRFC 10-2096] empty statement in always construct [C:/Users/Administrator/Desktop/200110618/decoder_38/decoder_38.srcs/sources_1/new/decoder_38.v:27]
ERROR: [VRFC 10-1412] syntax error near = [C:/Users/Administrator/Desktop/200110618/decoder_38/decoder_38.srcs/sources_1/new/decoder_38.v:32]
ERROR: [VRFC 10-1412] syntax error near = [C:/Users/Administrator/Desktop/200110618/decoder_38/decoder_38.srcs/sources_1/new/decoder_38.v:33]
ERROR: [VRFC 10-1412] syntax error near = [C:/Users/Administrator/Desktop/200110618/decoder_38/decoder_38.srcs/sources_1/new/decoder_38.v:34]
ERROR: [VRFC 10-1412] syntax error near = [C:/Users/Administrator/Desktop/200110618/decoder_38/decoder_38.srcs/sources_1/new/decoder_38.v:35]
ERROR: [VRFC 10-1412] syntax error near = [C:/Users/Administrator/Desktop/200110618/decoder_38/decoder_38.srcs/sources_1/new/decoder_38.v:36]
ERROR: [VRFC 10-1412] syntax error near = [C:/Users/Administrator/Desktop/200110618/decoder_38/decoder_38.srcs/sources_1/new/decoder_38.v:37]
ERROR: [VRFC 10-1412] syntax error near = [C:/Users/Administrator/Desktop/200110618/decoder_38/decoder_38.srcs/sources_1/new/decoder_38.v:38]
ERROR: [VRFC 10-1412] syntax error near = [C:/Users/Administrator/Desktop/200110618/decoder_38/decoder_38.srcs/sources_1/new/decoder_38.v:39]
ERROR: [VRFC 10-1412] syntax error near = [C:/Users/Administrator/Desktop/200110618/decoder_38/decoder_38.srcs/sources_1/new/decoder_38.v:40]
WARNING: [VRFC 10-1771] potential always loop found [C:/Users/Administrator/Desktop/200110618/decoder_38/decoder_38.srcs/sources_1/new/decoder_38.v:27]
ERROR: [VRFC 10-2939] 'enable' is an unknown type [C:/Users/Administrator/Desktop/200110618/decoder_38/decoder_38.srcs/sources_1/new/decoder_38.v:27]
ERROR: [VRFC 10-2951] 'switch' is not a constant [C:/Users/Administrator/Desktop/200110618/decoder_38/decoder_38.srcs/sources_1/new/decoder_38.v:31]
ERROR: [VRFC 10-2939] 'led' is an unknown type [C:/Users/Administrator/Desktop/200110618/decoder_38/decoder_38.srcs/sources_1/new/decoder_38.v:32]
ERROR: [VRFC 10-2939] 'led' is an unknown type [C:/Users/Administrator/Desktop/200110618/decoder_38/decoder_38.srcs/sources_1/new/decoder_38.v:33]
ERROR: [VRFC 10-2939] 'led' is an unknown type [C:/Users/Administrator/Desktop/200110618/decoder_38/decoder_38.srcs/sources_1/new/decoder_38.v:34]
ERROR: [VRFC 10-2939] 'led' is an unknown type [C:/Users/Administrator/Desktop/200110618/decoder_38/decoder_38.srcs/sources_1/new/decoder_38.v:35]
ERROR: [VRFC 10-2939] 'led' is an unknown type [C:/Users/Administrator/Desktop/200110618/decoder_38/decoder_38.srcs/sources_1/new/decoder_38.v:36]
ERROR: [VRFC 10-2939] 'led' is an unknown type [C:/Users/Administrator/Desktop/200110618/decoder_38/decoder_38.srcs/sources_1/new/decoder_38.v:37]
ERROR: [VRFC 10-2939] 'led' is an unknown type [C:/Users/Administrator/Desktop/200110618/decoder_38/decoder_38.srcs/sources_1/new/decoder_38.v:38]
INFO: [#UNDEF] Sorry, too many errors..
INFO: [USF-XSim-69] 'compile' step finished in '1' seconds
INFO: [USF-XSim-99] Step results log file:'C:/Users/Administrator/Desktop/200110618/decoder_38/decoder_38.sim/sim_1/behav/xsim/xvlog.log'
ERROR: [USF-XSim-62] 'compile' step failed with error(s). Please check the Tcl console output or 'C:/Users/Administrator/Desktop/200110618/decoder_38/decoder_38.sim/sim_1/behav/xsim/xvlog.log' file for more information.
ERROR: [Vivado 12-4473] Detected error while running simulation. Please correct the issue and retry this operation.
ERROR: [Common 17-39] 'launch_simulation' failed due to earlier errors.
launch_simulation
INFO: [Vivado 12-5682] Launching behavioral simulation in 'C:/Users/Administrator/Desktop/200110618/decoder_38/decoder_38.sim/sim_1/behav/xsim'
INFO: [SIM-utils-51] Simulation object is 'sim_1'
INFO: [SIM-utils-54] Inspecting design source files for 'decoder_38' in fileset 'sim_1'...
INFO: [USF-XSim-97] Finding global include files...
INFO: [USF-XSim-98] Fetching design files from 'sim_1'...
INFO: [USF-XSim-2] XSim::Compile design
INFO: [USF-XSim-61] Executing 'COMPILE and ANALYZE' step in 'C:/Users/Administrator/Desktop/200110618/decoder_38/decoder_38.sim/sim_1/behav/xsim'
"xvlog --incr --relax -prj decoder_38_vlog.prj"
INFO: [VRFC 10-2263] Analyzing Verilog file "C:/Users/Administrator/Desktop/200110618/decoder_38/decoder_38.srcs/sources_1/new/decoder_38.v" into library xil_defaultlib
INFO: [VRFC 10-311] analyzing module decoder_38
ERROR: [VRFC 10-1412] syntax error near non-printable character with the hex value '0xa3' [C:/Users/Administrator/Desktop/200110618/decoder_38/decoder_38.srcs/sources_1/new/decoder_38.v:27]
WARNING: [VRFC 10-2096] empty statement in always construct [C:/Users/Administrator/Desktop/200110618/decoder_38/decoder_38.srcs/sources_1/new/decoder_38.v:27]
ERROR: [VRFC 10-1412] syntax error near = [C:/Users/Administrator/Desktop/200110618/decoder_38/decoder_38.srcs/sources_1/new/decoder_38.v:29]
ERROR: [VRFC 10-1412] syntax error near = [C:/Users/Administrator/Desktop/200110618/decoder_38/decoder_38.srcs/sources_1/new/decoder_38.v:32]
ERROR: [VRFC 10-1412] syntax error near = [C:/Users/Administrator/Desktop/200110618/decoder_38/decoder_38.srcs/sources_1/new/decoder_38.v:33]
ERROR: [VRFC 10-1412] syntax error near = [C:/Users/Administrator/Desktop/200110618/decoder_38/decoder_38.srcs/sources_1/new/decoder_38.v:34]
ERROR: [VRFC 10-1412] syntax error near = [C:/Users/Administrator/Desktop/200110618/decoder_38/decoder_38.srcs/sources_1/new/decoder_38.v:35]
ERROR: [VRFC 10-1412] syntax error near = [C:/Users/Administrator/Desktop/200110618/decoder_38/decoder_38.srcs/sources_1/new/decoder_38.v:36]
ERROR: [VRFC 10-1412] syntax error near = [C:/Users/Administrator/Desktop/200110618/decoder_38/decoder_38.srcs/sources_1/new/decoder_38.v:37]
ERROR: [VRFC 10-1412] syntax error near = [C:/Users/Administrator/Desktop/200110618/decoder_38/decoder_38.srcs/sources_1/new/decoder_38.v:38]
ERROR: [VRFC 10-1412] syntax error near = [C:/Users/Administrator/Desktop/200110618/decoder_38/decoder_38.srcs/sources_1/new/decoder_38.v:39]
ERROR: [VRFC 10-1412] syntax error near = [C:/Users/Administrator/Desktop/200110618/decoder_38/decoder_38.srcs/sources_1/new/decoder_38.v:40]
WARNING: [VRFC 10-1771] potential always loop found [C:/Users/Administrator/Desktop/200110618/decoder_38/decoder_38.srcs/sources_1/new/decoder_38.v:27]
ERROR: [VRFC 10-2951] 'enable' is not a constant [C:/Users/Administrator/Desktop/200110618/decoder_38/decoder_38.srcs/sources_1/new/decoder_38.v:29]
ERROR: [VRFC 10-2939] 'led' is an unknown type [C:/Users/Administrator/Desktop/200110618/decoder_38/decoder_38.srcs/sources_1/new/decoder_38.v:29]
ERROR: [VRFC 10-2951] 'switch' is not a constant [C:/Users/Administrator/Desktop/200110618/decoder_38/decoder_38.srcs/sources_1/new/decoder_38.v:31]
ERROR: [VRFC 10-2939] 'led' is an unknown type [C:/Users/Administrator/Desktop/200110618/decoder_38/decoder_38.srcs/sources_1/new/decoder_38.v:32]
ERROR: [VRFC 10-2939] 'led' is an unknown type [C:/Users/Administrator/Desktop/200110618/decoder_38/decoder_38.srcs/sources_1/new/decoder_38.v:33]
ERROR: [VRFC 10-2939] 'led' is an unknown type [C:/Users/Administrator/Desktop/200110618/decoder_38/decoder_38.srcs/sources_1/new/decoder_38.v:34]
ERROR: [VRFC 10-2939] 'led' is an unknown type [C:/Users/Administrator/Desktop/200110618/decoder_38/decoder_38.srcs/sources_1/new/decoder_38.v:35]
ERROR: [VRFC 10-2939] 'led' is an unknown type [C:/Users/Administrator/Desktop/200110618/decoder_38/decoder_38.srcs/sources_1/new/decoder_38.v:36]
INFO: [#UNDEF] Sorry, too many errors..
INFO: [USF-XSim-69] 'compile' step finished in '2' seconds
INFO: [USF-XSim-99] Step results log file:'C:/Users/Administrator/Desktop/200110618/decoder_38/decoder_38.sim/sim_1/behav/xsim/xvlog.log'
ERROR: [USF-XSim-62] 'compile' step failed with error(s). Please check the Tcl console output or 'C:/Users/Administrator/Desktop/200110618/decoder_38/decoder_38.sim/sim_1/behav/xsim/xvlog.log' file for more information.
ERROR: [Vivado 12-4473] Detected error while running simulation. Please correct the issue and retry this operation.
ERROR: [Common 17-39] 'launch_simulation' failed due to earlier errors.
launch_simulation
INFO: [Vivado 12-5682] Launching behavioral simulation in 'C:/Users/Administrator/Desktop/200110618/decoder_38/decoder_38.sim/sim_1/behav/xsim'
INFO: [SIM-utils-51] Simulation object is 'sim_1'
INFO: [SIM-utils-54] Inspecting design source files for 'decoder_38' in fileset 'sim_1'...
INFO: [USF-XSim-97] Finding global include files...
INFO: [USF-XSim-98] Fetching design files from 'sim_1'...
INFO: [USF-XSim-2] XSim::Compile design
INFO: [USF-XSim-61] Executing 'COMPILE and ANALYZE' step in 'C:/Users/Administrator/Desktop/200110618/decoder_38/decoder_38.sim/sim_1/behav/xsim'
"xvlog --incr --relax -prj decoder_38_vlog.prj"
INFO: [VRFC 10-2263] Analyzing Verilog file "C:/Users/Administrator/Desktop/200110618/decoder_38/decoder_38.srcs/sources_1/new/decoder_38.v" into library xil_defaultlib
INFO: [VRFC 10-311] analyzing module decoder_38
ERROR: [VRFC 10-1412] syntax error near always [C:/Users/Administrator/Desktop/200110618/decoder_38/decoder_38.srcs/sources_1/new/decoder_38.v:28]
ERROR: [VRFC 10-2790] Verilog 2000 keyword always used in incorrect context [C:/Users/Administrator/Desktop/200110618/decoder_38/decoder_38.srcs/sources_1/new/decoder_38.v:28]
INFO: [USF-XSim-69] 'compile' step finished in '1' seconds
INFO: [USF-XSim-99] Step results log file:'C:/Users/Administrator/Desktop/200110618/decoder_38/decoder_38.sim/sim_1/behav/xsim/xvlog.log'
ERROR: [USF-XSim-62] 'compile' step failed with error(s). Please check the Tcl console output or 'C:/Users/Administrator/Desktop/200110618/decoder_38/decoder_38.sim/sim_1/behav/xsim/xvlog.log' file for more information.
ERROR: [Vivado 12-4473] Detected error while running simulation. Please correct the issue and retry this operation.
ERROR: [Common 17-39] 'launch_simulation' failed due to earlier errors.
launch_simulation
INFO: [Vivado 12-5682] Launching behavioral simulation in 'C:/Users/Administrator/Desktop/200110618/decoder_38/decoder_38.sim/sim_1/behav/xsim'
INFO: [SIM-utils-51] Simulation object is 'sim_1'
INFO: [SIM-utils-54] Inspecting design source files for 'decoder_38' in fileset 'sim_1'...
INFO: [USF-XSim-97] Finding global include files...
INFO: [USF-XSim-98] Fetching design files from 'sim_1'...
INFO: [USF-XSim-2] XSim::Compile design
INFO: [USF-XSim-61] Executing 'COMPILE and ANALYZE' step in 'C:/Users/Administrator/Desktop/200110618/decoder_38/decoder_38.sim/sim_1/behav/xsim'
"xvlog --incr --relax -prj decoder_38_vlog.prj"
INFO: [VRFC 10-2263] Analyzing Verilog file "C:/Users/Administrator/Desktop/200110618/decoder_38/decoder_38.srcs/sources_1/new/decoder_38.v" into library xil_defaultlib
INFO: [VRFC 10-311] analyzing module decoder_38
INFO: [VRFC 10-2263] Analyzing Verilog file "C:/Users/Administrator/Desktop/200110618/decoder_38/decoder_38.sim/sim_1/behav/xsim/glbl.v" into library xil_defaultlib
INFO: [VRFC 10-311] analyzing module glbl
INFO: [USF-XSim-69] 'compile' step finished in '1' seconds
INFO: [USF-XSim-3] XSim::Elaborate design
INFO: [USF-XSim-61] Executing 'ELABORATE' step in 'C:/Users/Administrator/Desktop/200110618/decoder_38/decoder_38.sim/sim_1/behav/xsim'
Vivado Simulator 2018.3
Copyright 1986-1999, 2001-2018 Xilinx, Inc. All Rights Reserved.
Running: C:/Xilinx/Vivado/2018.3/bin/unwrapped/win64.o/xelab.exe -wto 241c1864c0a04f81a5f4dc16518054d1 --incr --debug typical --relax --mt 2 -L xil_defaultlib -L unisims_ver -L unimacro_ver -L secureip --snapshot decoder_38_behav xil_defaultlib.decoder_38 xil_defaultlib.glbl -log elaborate.log 
Using 2 slave threads.
Starting static elaboration
Completed static elaboration
Starting simulation data flow analysis
Completed simulation data flow analysis
Time Resolution for simulation is 1ps
Compiling module xil_defaultlib.decoder_38
Compiling module xil_defaultlib.glbl
Built simulation snapshot decoder_38_behav

****** Webtalk v2018.3 (64-bit)
  **** SW Build 2405991 on Thu Dec  6 23:38:27 MST 2018
  **** IP Build 2404404 on Fri Dec  7 01:43:56 MST 2018
    ** Copyright 1986-2018 Xilinx, Inc. All Rights Reserved.

source C:/Users/Administrator/Desktop/200110618/decoder_38/decoder_38.sim/sim_1/behav/xsim/xsim.dir/decoder_38_behav/webtalk/xsim_webtalk.tcl -notrace
INFO: [Common 17-206] Exiting Webtalk at Wed Nov  3 19:29:31 2021...
INFO: [USF-XSim-69] 'elaborate' step finished in '3' seconds
INFO: [USF-XSim-4] XSim::Simulate design
INFO: [USF-XSim-61] Executing 'SIMULATE' step in 'C:/Users/Administrator/Desktop/200110618/decoder_38/decoder_38.sim/sim_1/behav/xsim'
INFO: [USF-XSim-98] *** Running xsim
   with args "decoder_38_behav -key {Behavioral:sim_1:Functional:decoder_38} -tclbatch {decoder_38.tcl} -log {simulate.log}"
INFO: [USF-XSim-8] Loading simulator feature
Vivado Simulator 2018.3
Time resolution is 1 ps
source decoder_38.tcl
# set curr_wave [current_wave_config]
# if { [string length $curr_wave] == 0 } {
#   if { [llength [get_objects]] > 0} {
#     add_wave /
#     set_property needs_save false [current_wave_config]
#   } else {
#      send_msg_id Add_Wave-1 WARNING "No top level signals found. Simulator will start without a wave window. If you want to open a wave window go to 'File->New Waveform Configuration' or type 'create_wave_config' in the TCL console."
#   }
# }
# run 1000ns
INFO: [USF-XSim-96] XSim completed. Design snapshot 'decoder_38_behav' loaded.
INFO: [USF-XSim-97] XSim simulation ran for 1000ns
launch_simulation: Time (s): cpu = 00:00:05 ; elapsed = 00:00:08 . Memory (MB): peak = 899.586 ; gain = 44.457
set_property SOURCE_SET sources_1 [get_filesets sim_1]
add_files -fileset sim_1 -norecurse C:/Users/Administrator/Desktop/200110618/decoder_38/testbench.v
update_compile_order -fileset sim_1
close_sim
INFO: [Simtcl 6-16] Simulation closed
launch_simulation
INFO: [Vivado 12-5682] Launching behavioral simulation in 'C:/Users/Administrator/Desktop/200110618/decoder_38/decoder_38.sim/sim_1/behav/xsim'
INFO: [SIM-utils-51] Simulation object is 'sim_1'
INFO: [SIM-utils-54] Inspecting design source files for 'decoder_38' in fileset 'sim_1'...
INFO: [USF-XSim-97] Finding global include files...
INFO: [USF-XSim-98] Fetching design files from 'sim_1'...
INFO: [USF-XSim-2] XSim::Compile design
INFO: [USF-XSim-61] Executing 'COMPILE and ANALYZE' step in 'C:/Users/Administrator/Desktop/200110618/decoder_38/decoder_38.sim/sim_1/behav/xsim'
"xvlog --incr --relax -prj decoder_38_vlog.prj"
INFO: [USF-XSim-69] 'compile' step finished in '1' seconds
INFO: [USF-XSim-3] XSim::Elaborate design
INFO: [USF-XSim-61] Executing 'ELABORATE' step in 'C:/Users/Administrator/Desktop/200110618/decoder_38/decoder_38.sim/sim_1/behav/xsim'
Vivado Simulator 2018.3
Copyright 1986-1999, 2001-2018 Xilinx, Inc. All Rights Reserved.
Running: C:/Xilinx/Vivado/2018.3/bin/unwrapped/win64.o/xelab.exe -wto 241c1864c0a04f81a5f4dc16518054d1 --incr --debug typical --relax --mt 2 -L xil_defaultlib -L unisims_ver -L unimacro_ver -L secureip --snapshot decoder_38_behav xil_defaultlib.decoder_38 xil_defaultlib.glbl -log elaborate.log 
Using 2 slave threads.
Starting static elaboration
Completed static elaboration
INFO: [XSIM 43-4323] No Change in HDL. Linking previously generated obj files to create kernel
INFO: [USF-XSim-69] 'elaborate' step finished in '1' seconds
INFO: [USF-XSim-4] XSim::Simulate design
INFO: [USF-XSim-61] Executing 'SIMULATE' step in 'C:/Users/Administrator/Desktop/200110618/decoder_38/decoder_38.sim/sim_1/behav/xsim'
INFO: [USF-XSim-98] *** Running xsim
   with args "decoder_38_behav -key {Behavioral:sim_1:Functional:decoder_38} -tclbatch {decoder_38.tcl} -log {simulate.log}"
INFO: [USF-XSim-8] Loading simulator feature
Vivado Simulator 2018.3
Time resolution is 1 ps
source decoder_38.tcl
# set curr_wave [current_wave_config]
# if { [string length $curr_wave] == 0 } {
#   if { [llength [get_objects]] > 0} {
#     add_wave /
#     set_property needs_save false [current_wave_config]
#   } else {
#      send_msg_id Add_Wave-1 WARNING "No top level signals found. Simulator will start without a wave window. If you want to open a wave window go to 'File->New Waveform Configuration' or type 'create_wave_config' in the TCL console."
#   }
# }
# run 1000ns
INFO: [USF-XSim-96] XSim completed. Design snapshot 'decoder_38_behav' loaded.
INFO: [USF-XSim-97] XSim simulation ran for 1000ns
update_compile_order -fileset sim_1
export_ip_user_files -of_objects  [get_files C:/Users/Administrator/Desktop/200110618/decoder_38/testbench.v] -no_script -reset -force -quiet
remove_files  -fileset sim_1 C:/Users/Administrator/Desktop/200110618/decoder_38/testbench.v
set_property SOURCE_SET sources_1 [get_filesets sim_1]
add_files -fileset sim_1 -norecurse C:/Users/Administrator/Desktop/decoder_38/testbench.v
update_compile_order -fileset sim_1
update_compile_order -fileset sim_1
launch_simulation
INFO: [Vivado 12-5682] Launching behavioral simulation in 'C:/Users/Administrator/Desktop/200110618/decoder_38/decoder_38.sim/sim_1/behav/xsim'
INFO: [SIM-utils-51] Simulation object is 'sim_1'
INFO: [SIM-utils-54] Inspecting design source files for 'testbench' in fileset 'sim_1'...
INFO: [USF-XSim-97] Finding global include files...
INFO: [USF-XSim-98] Fetching design files from 'sim_1'...
INFO: [USF-XSim-2] XSim::Compile design
INFO: [USF-XSim-61] Executing 'COMPILE and ANALYZE' step in 'C:/Users/Administrator/Desktop/200110618/decoder_38/decoder_38.sim/sim_1/behav/xsim'
"xvlog --incr --relax -prj testbench_vlog.prj"
INFO: [VRFC 10-2263] Analyzing Verilog file "C:/Users/Administrator/Desktop/decoder_38/testbench.v" into library xil_defaultlib
INFO: [VRFC 10-311] analyzing module testbench
INFO: [USF-XSim-69] 'compile' step finished in '1' seconds
INFO: [USF-XSim-3] XSim::Elaborate design
INFO: [USF-XSim-61] Executing 'ELABORATE' step in 'C:/Users/Administrator/Desktop/200110618/decoder_38/decoder_38.sim/sim_1/behav/xsim'
Vivado Simulator 2018.3
Copyright 1986-1999, 2001-2018 Xilinx, Inc. All Rights Reserved.
Running: C:/Xilinx/Vivado/2018.3/bin/unwrapped/win64.o/xelab.exe -wto 241c1864c0a04f81a5f4dc16518054d1 --incr --debug typical --relax --mt 2 -L xil_defaultlib -L unisims_ver -L unimacro_ver -L secureip --snapshot testbench_behav xil_defaultlib.testbench xil_defaultlib.glbl -log elaborate.log 
Using 2 slave threads.
Starting static elaboration
ERROR: [VRFC 10-3180] cannot find port 'rst' on this module [C:/Users/Administrator/Desktop/decoder_38/testbench.v:111]
ERROR: [VRFC 10-3180] cannot find port 'clk' on this module [C:/Users/Administrator/Desktop/decoder_38/testbench.v:110]
ERROR: [XSIM 43-3322] Static elaboration of top level Verilog design unit(s) in library work failed.
INFO: [USF-XSim-69] 'elaborate' step finished in '1' seconds
INFO: [USF-XSim-99] Step results log file:'C:/Users/Administrator/Desktop/200110618/decoder_38/decoder_38.sim/sim_1/behav/xsim/elaborate.log'
ERROR: [USF-XSim-62] 'elaborate' step failed with error(s). Please check the Tcl console output or 'C:/Users/Administrator/Desktop/200110618/decoder_38/decoder_38.sim/sim_1/behav/xsim/elaborate.log' file for more information.
ERROR: [Vivado 12-4473] Detected error while running simulation. Please correct the issue and retry this operation.
ERROR: [Common 17-39] 'launch_simulation' failed due to earlier errors.
launch_simulation
INFO: [Vivado 12-5682] Launching behavioral simulation in 'C:/Users/Administrator/Desktop/200110618/decoder_38/decoder_38.sim/sim_1/behav/xsim'
INFO: [SIM-utils-51] Simulation object is 'sim_1'
INFO: [SIM-utils-54] Inspecting design source files for 'testbench' in fileset 'sim_1'...
INFO: [USF-XSim-97] Finding global include files...
INFO: [USF-XSim-98] Fetching design files from 'sim_1'...
INFO: [USF-XSim-2] XSim::Compile design
INFO: [USF-XSim-61] Executing 'COMPILE and ANALYZE' step in 'C:/Users/Administrator/Desktop/200110618/decoder_38/decoder_38.sim/sim_1/behav/xsim'
"xvlog --incr --relax -prj testbench_vlog.prj"
INFO: [USF-XSim-69] 'compile' step finished in '1' seconds
INFO: [USF-XSim-3] XSim::Elaborate design
INFO: [USF-XSim-61] Executing 'ELABORATE' step in 'C:/Users/Administrator/Desktop/200110618/decoder_38/decoder_38.sim/sim_1/behav/xsim'
Vivado Simulator 2018.3
Copyright 1986-1999, 2001-2018 Xilinx, Inc. All Rights Reserved.
Running: C:/Xilinx/Vivado/2018.3/bin/unwrapped/win64.o/xelab.exe -wto 241c1864c0a04f81a5f4dc16518054d1 --incr --debug typical --relax --mt 2 -L xil_defaultlib -L unisims_ver -L unimacro_ver -L secureip --snapshot testbench_behav xil_defaultlib.testbench xil_defaultlib.glbl -log elaborate.log 
Using 2 slave threads.
Starting static elaboration
ERROR: [VRFC 10-3180] cannot find port 'rst' on this module [C:/Users/Administrator/Desktop/decoder_38/testbench.v:111]
ERROR: [VRFC 10-3180] cannot find port 'clk' on this module [C:/Users/Administrator/Desktop/decoder_38/testbench.v:110]
ERROR: [XSIM 43-3322] Static elaboration of top level Verilog design unit(s) in library work failed.
INFO: [USF-XSim-69] 'elaborate' step finished in '1' seconds
INFO: [USF-XSim-99] Step results log file:'C:/Users/Administrator/Desktop/200110618/decoder_38/decoder_38.sim/sim_1/behav/xsim/elaborate.log'
ERROR: [USF-XSim-62] 'elaborate' step failed with error(s). Please check the Tcl console output or 'C:/Users/Administrator/Desktop/200110618/decoder_38/decoder_38.sim/sim_1/behav/xsim/elaborate.log' file for more information.
ERROR: [Vivado 12-4473] Detected error while running simulation. Please correct the issue and retry this operation.
ERROR: [Common 17-39] 'launch_simulation' failed due to earlier errors.
export_ip_user_files -of_objects  [get_files C:/Users/Administrator/Desktop/decoder_38/testbench.v] -no_script -reset -force -quiet
remove_files  -fileset sim_1 C:/Users/Administrator/Desktop/decoder_38/testbench.v
set_property SOURCE_SET sources_1 [get_filesets sim_1]
add_files -fileset sim_1 -norecurse C:/Users/Administrator/Desktop/decoder_38/testbench.v
update_compile_order -fileset sim_1
update_compile_order -fileset sim_1
launch_simulation
INFO: [Vivado 12-5682] Launching behavioral simulation in 'C:/Users/Administrator/Desktop/200110618/decoder_38/decoder_38.sim/sim_1/behav/xsim'
INFO: [SIM-utils-51] Simulation object is 'sim_1'
INFO: [SIM-utils-54] Inspecting design source files for 'testbench' in fileset 'sim_1'...
INFO: [USF-XSim-97] Finding global include files...
INFO: [USF-XSim-98] Fetching design files from 'sim_1'...
INFO: [USF-XSim-2] XSim::Compile design
INFO: [USF-XSim-61] Executing 'COMPILE and ANALYZE' step in 'C:/Users/Administrator/Desktop/200110618/decoder_38/decoder_38.sim/sim_1/behav/xsim'
"xvlog --incr --relax -prj testbench_vlog.prj"
INFO: [VRFC 10-2263] Analyzing Verilog file "C:/Users/Administrator/Desktop/200110618/decoder_38/decoder_38.srcs/sources_1/new/decoder_38.v" into library xil_defaultlib
INFO: [VRFC 10-311] analyzing module decoder_38
INFO: [VRFC 10-2263] Analyzing Verilog file "C:/Users/Administrator/Desktop/decoder_38/testbench.v" into library xil_defaultlib
INFO: [VRFC 10-311] analyzing module testbench
INFO: [USF-XSim-69] 'compile' step finished in '1' seconds
INFO: [USF-XSim-3] XSim::Elaborate design
INFO: [USF-XSim-61] Executing 'ELABORATE' step in 'C:/Users/Administrator/Desktop/200110618/decoder_38/decoder_38.sim/sim_1/behav/xsim'
Vivado Simulator 2018.3
Copyright 1986-1999, 2001-2018 Xilinx, Inc. All Rights Reserved.
Running: C:/Xilinx/Vivado/2018.3/bin/unwrapped/win64.o/xelab.exe -wto 241c1864c0a04f81a5f4dc16518054d1 --incr --debug typical --relax --mt 2 -L xil_defaultlib -L unisims_ver -L unimacro_ver -L secureip --snapshot testbench_behav xil_defaultlib.testbench xil_defaultlib.glbl -log elaborate.log 
Using 2 slave threads.
Starting static elaboration
ERROR: [VRFC 10-3180] cannot find port 'rst' on this module [C:/Users/Administrator/Desktop/decoder_38/testbench.v:111]
ERROR: [VRFC 10-3180] cannot find port 'clk' on this module [C:/Users/Administrator/Desktop/decoder_38/testbench.v:110]
ERROR: [XSIM 43-3322] Static elaboration of top level Verilog design unit(s) in library work failed.
INFO: [USF-XSim-69] 'elaborate' step finished in '1' seconds
INFO: [USF-XSim-99] Step results log file:'C:/Users/Administrator/Desktop/200110618/decoder_38/decoder_38.sim/sim_1/behav/xsim/elaborate.log'
ERROR: [USF-XSim-62] 'elaborate' step failed with error(s). Please check the Tcl console output or 'C:/Users/Administrator/Desktop/200110618/decoder_38/decoder_38.sim/sim_1/behav/xsim/elaborate.log' file for more information.
ERROR: [Vivado 12-4473] Detected error while running simulation. Please correct the issue and retry this operation.
ERROR: [Common 17-39] 'launch_simulation' failed due to earlier errors.
launch_simulation
INFO: [Vivado 12-5682] Launching behavioral simulation in 'C:/Users/Administrator/Desktop/200110618/decoder_38/decoder_38.sim/sim_1/behav/xsim'
INFO: [SIM-utils-51] Simulation object is 'sim_1'
INFO: [SIM-utils-54] Inspecting design source files for 'testbench' in fileset 'sim_1'...
INFO: [USF-XSim-97] Finding global include files...
INFO: [USF-XSim-98] Fetching design files from 'sim_1'...
INFO: [USF-XSim-2] XSim::Compile design
INFO: [USF-XSim-61] Executing 'COMPILE and ANALYZE' step in 'C:/Users/Administrator/Desktop/200110618/decoder_38/decoder_38.sim/sim_1/behav/xsim'
"xvlog --incr --relax -prj testbench_vlog.prj"
INFO: [VRFC 10-2263] Analyzing Verilog file "C:/Users/Administrator/Desktop/200110618/decoder_38/decoder_38.srcs/sources_1/new/decoder_38.v" into library xil_defaultlib
INFO: [VRFC 10-311] analyzing module decoder_38
INFO: [VRFC 10-2263] Analyzing Verilog file "C:/Users/Administrator/Desktop/decoder_38/testbench.v" into library xil_defaultlib
INFO: [VRFC 10-311] analyzing module testbench
INFO: [USF-XSim-69] 'compile' step finished in '1' seconds
INFO: [USF-XSim-3] XSim::Elaborate design
INFO: [USF-XSim-61] Executing 'ELABORATE' step in 'C:/Users/Administrator/Desktop/200110618/decoder_38/decoder_38.sim/sim_1/behav/xsim'
Vivado Simulator 2018.3
Copyright 1986-1999, 2001-2018 Xilinx, Inc. All Rights Reserved.
Running: C:/Xilinx/Vivado/2018.3/bin/unwrapped/win64.o/xelab.exe -wto 241c1864c0a04f81a5f4dc16518054d1 --incr --debug typical --relax --mt 2 -L xil_defaultlib -L unisims_ver -L unimacro_ver -L secureip --snapshot testbench_behav xil_defaultlib.testbench xil_defaultlib.glbl -log elaborate.log 
Using 2 slave threads.
Starting static elaboration
Completed static elaboration
Starting simulation data flow analysis
Completed simulation data flow analysis
Time Resolution for simulation is 1ps
Compiling module xil_defaultlib.decoder_38
Compiling module xil_defaultlib.testbench
Compiling module xil_defaultlib.glbl
Built simulation snapshot testbench_behav

****** Webtalk v2018.3 (64-bit)
  **** SW Build 2405991 on Thu Dec  6 23:38:27 MST 2018
  **** IP Build 2404404 on Fri Dec  7 01:43:56 MST 2018
    ** Copyright 1986-2018 Xilinx, Inc. All Rights Reserved.

source C:/Users/Administrator/Desktop/200110618/decoder_38/decoder_38.sim/sim_1/behav/xsim/xsim.dir/testbench_behav/webtalk/xsim_webtalk.tcl -notrace
INFO: [Common 17-206] Exiting Webtalk at Wed Nov  3 19:38:40 2021...
INFO: [USF-XSim-69] 'elaborate' step finished in '2' seconds
INFO: [USF-XSim-4] XSim::Simulate design
INFO: [USF-XSim-61] Executing 'SIMULATE' step in 'C:/Users/Administrator/Desktop/200110618/decoder_38/decoder_38.sim/sim_1/behav/xsim'
INFO: [USF-XSim-98] *** Running xsim
   with args "testbench_behav -key {Behavioral:sim_1:Functional:testbench} -tclbatch {testbench.tcl} -log {simulate.log}"
INFO: [USF-XSim-8] Loading simulator feature
Vivado Simulator 2018.3
Time resolution is 1 ps
source testbench.tcl
# set curr_wave [current_wave_config]
# if { [string length $curr_wave] == 0 } {
#   if { [llength [get_objects]] > 0} {
#     add_wave /
#     set_property needs_save false [current_wave_config]
#   } else {
#      send_msg_id Add_Wave-1 WARNING "No top level signals found. Simulator will start without a wave window. If you want to open a wave window go to 'File->New Waveform Configuration' or type 'create_wave_config' in the TCL console."
#   }
# }
# run 1000ns
index 3 finished
====================================
Test end!
----PASS!!!
$finish called at time : 525 ns : File "C:/Users/Administrator/Desktop/decoder_38/testbench.v" Line 95
INFO: [USF-XSim-96] XSim completed. Design snapshot 'testbench_behav' loaded.
INFO: [USF-XSim-97] XSim simulation ran for 1000ns
add_files -fileset constrs_1 -norecurse {C:/Users/Administrator/Desktop/200110618/decoder_38/clock.xdc C:/Users/Administrator/Desktop/200110618/decoder_38/pin.xdc}
close_sim
INFO: [Simtcl 6-16] Simulation closed
launch_simulation
INFO: [Vivado 12-5682] Launching behavioral simulation in 'C:/Users/Administrator/Desktop/200110618/decoder_38/decoder_38.sim/sim_1/behav/xsim'
INFO: [SIM-utils-51] Simulation object is 'sim_1'
INFO: [SIM-utils-54] Inspecting design source files for 'testbench' in fileset 'sim_1'...
INFO: [USF-XSim-97] Finding global include files...
INFO: [USF-XSim-98] Fetching design files from 'sim_1'...
INFO: [USF-XSim-2] XSim::Compile design
INFO: [USF-XSim-61] Executing 'COMPILE and ANALYZE' step in 'C:/Users/Administrator/Desktop/200110618/decoder_38/decoder_38.sim/sim_1/behav/xsim'
"xvlog --incr --relax -prj testbench_vlog.prj"
INFO: [USF-XSim-69] 'compile' step finished in '1' seconds
INFO: [USF-XSim-3] XSim::Elaborate design
INFO: [USF-XSim-61] Executing 'ELABORATE' step in 'C:/Users/Administrator/Desktop/200110618/decoder_38/decoder_38.sim/sim_1/behav/xsim'
Vivado Simulator 2018.3
Copyright 1986-1999, 2001-2018 Xilinx, Inc. All Rights Reserved.
Running: C:/Xilinx/Vivado/2018.3/bin/unwrapped/win64.o/xelab.exe -wto 241c1864c0a04f81a5f4dc16518054d1 --incr --debug typical --relax --mt 2 -L xil_defaultlib -L unisims_ver -L unimacro_ver -L secureip --snapshot testbench_behav xil_defaultlib.testbench xil_defaultlib.glbl -log elaborate.log 
Using 2 slave threads.
Starting static elaboration
Completed static elaboration
INFO: [XSIM 43-4323] No Change in HDL. Linking previously generated obj files to create kernel
INFO: [USF-XSim-69] 'elaborate' step finished in '1' seconds
INFO: [USF-XSim-4] XSim::Simulate design
INFO: [USF-XSim-61] Executing 'SIMULATE' step in 'C:/Users/Administrator/Desktop/200110618/decoder_38/decoder_38.sim/sim_1/behav/xsim'
INFO: [USF-XSim-98] *** Running xsim
   with args "testbench_behav -key {Behavioral:sim_1:Functional:testbench} -tclbatch {testbench.tcl} -log {simulate.log}"
INFO: [USF-XSim-8] Loading simulator feature
Vivado Simulator 2018.3
Time resolution is 1 ps
source testbench.tcl
# set curr_wave [current_wave_config]
# if { [string length $curr_wave] == 0 } {
#   if { [llength [get_objects]] > 0} {
#     add_wave /
#     set_property needs_save false [current_wave_config]
#   } else {
#      send_msg_id Add_Wave-1 WARNING "No top level signals found. Simulator will start without a wave window. If you want to open a wave window go to 'File->New Waveform Configuration' or type 'create_wave_config' in the TCL console."
#   }
# }
# run 1000ns
index 3 finished
====================================
Test end!
----PASS!!!
$finish called at time : 525 ns : File "C:/Users/Administrator/Desktop/decoder_38/testbench.v" Line 95
INFO: [USF-XSim-96] XSim completed. Design snapshot 'testbench_behav' loaded.
INFO: [USF-XSim-97] XSim simulation ran for 1000ns
launch_runs synth_1 -jobs 8
[Wed Nov  3 19:55:55 2021] Launched synth_1...
Run output will be captured here: C:/Users/Administrator/Desktop/200110618/decoder_38/decoder_38.runs/synth_1/runme.log
launch_runs impl_1 -jobs 8
[Wed Nov  3 19:56:28 2021] Launched impl_1...
Run output will be captured here: C:/Users/Administrator/Desktop/200110618/decoder_38/decoder_38.runs/impl_1/runme.log
reset_run impl_1
WARNING: [Vivado 12-1017] Problems encountered:
1. PID not specified

launch_runs impl_1 -jobs 8
[Wed Nov  3 19:56:35 2021] Launched impl_1...
Run output will be captured here: C:/Users/Administrator/Desktop/200110618/decoder_38/decoder_38.runs/impl_1/runme.log
launch_runs impl_1 -to_step write_bitstream -jobs 8
[Wed Nov  3 19:59:09 2021] Launched impl_1...
Run output will be captured here: C:/Users/Administrator/Desktop/200110618/decoder_38/decoder_38.runs/impl_1/runme.log
reset_run impl_1 -prev_step 
launch_runs impl_1 -to_step write_bitstream -jobs 8
[Wed Nov  3 20:00:27 2021] Launched impl_1...
Run output will be captured here: C:/Users/Administrator/Desktop/200110618/decoder_38/decoder_38.runs/impl_1/runme.log
open_hw
connect_hw_server
INFO: [Labtools 27-2285] Connecting to hw_server url TCP:localhost:3121
INFO: [Labtools 27-2222] Launching hw_server...
INFO: [Labtools 27-2221] Launch Output:

****** Xilinx hw_server v2018.3
  **** Build date : Dec  7 2018-00:40:27
    ** Copyright 1986-2018 Xilinx, Inc. All Rights Reserved.


open_hw_target
INFO: [Labtoolstcl 44-466] Opening hw_target localhost:3121/xilinx_tcf/Xilinx/1234-tulA
set_property PROGRAM.FILE {C:/Users/Administrator/Desktop/200110618/decoder_38/decoder_38.runs/impl_1/decoder_38.bit} [get_hw_devices xc7a100t_0]
current_hw_device [get_hw_devices xc7a100t_0]
refresh_hw_device -update_hw_probes false [lindex [get_hw_devices xc7a100t_0] 0]
INFO: [Labtools 27-1434] Device xc7a100t (JTAG device index = 0) is programmed with a design that has no supported debug core(s) in it.
set_property PROBES.FILE {} [get_hw_devices xc7a100t_0]
set_property FULL_PROBES.FILE {} [get_hw_devices xc7a100t_0]
set_property PROGRAM.FILE {C:/Users/Administrator/Desktop/200110618/decoder_38/decoder_38.runs/impl_1/decoder_38.bit} [get_hw_devices xc7a100t_0]
program_hw_devices [get_hw_devices xc7a100t_0]
INFO: [Labtools 27-3164] End of startup status: HIGH
refresh_hw_device [lindex [get_hw_devices xc7a100t_0] 0]
INFO: [Labtools 27-1434] Device xc7a100t (JTAG device index = 0) is programmed with a design that has no supported debug core(s) in it.
close_sim
INFO: [Simtcl 6-16] Simulation closed
launch_simulation
INFO: [Vivado 12-5682] Launching behavioral simulation in 'C:/Users/Administrator/Desktop/200110618/decoder_38/decoder_38.sim/sim_1/behav/xsim'
INFO: [SIM-utils-51] Simulation object is 'sim_1'
INFO: [SIM-utils-54] Inspecting design source files for 'testbench' in fileset 'sim_1'...
INFO: [USF-XSim-97] Finding global include files...
INFO: [USF-XSim-98] Fetching design files from 'sim_1'...
INFO: [USF-XSim-2] XSim::Compile design
INFO: [USF-XSim-61] Executing 'COMPILE and ANALYZE' step in 'C:/Users/Administrator/Desktop/200110618/decoder_38/decoder_38.sim/sim_1/behav/xsim'
"xvlog --incr --relax -prj testbench_vlog.prj"
INFO: [USF-XSim-69] 'compile' step finished in '1' seconds
INFO: [USF-XSim-3] XSim::Elaborate design
INFO: [USF-XSim-61] Executing 'ELABORATE' step in 'C:/Users/Administrator/Desktop/200110618/decoder_38/decoder_38.sim/sim_1/behav/xsim'
Vivado Simulator 2018.3
Copyright 1986-1999, 2001-2018 Xilinx, Inc. All Rights Reserved.
Running: C:/Xilinx/Vivado/2018.3/bin/unwrapped/win64.o/xelab.exe -wto 241c1864c0a04f81a5f4dc16518054d1 --incr --debug typical --relax --mt 2 -L xil_defaultlib -L unisims_ver -L unimacro_ver -L secureip --snapshot testbench_behav xil_defaultlib.testbench xil_defaultlib.glbl -log elaborate.log 
Using 2 slave threads.
Starting static elaboration
Completed static elaboration
INFO: [XSIM 43-4323] No Change in HDL. Linking previously generated obj files to create kernel
INFO: [USF-XSim-69] 'elaborate' step finished in '1' seconds
INFO: [USF-XSim-4] XSim::Simulate design
INFO: [USF-XSim-61] Executing 'SIMULATE' step in 'C:/Users/Administrator/Desktop/200110618/decoder_38/decoder_38.sim/sim_1/behav/xsim'
INFO: [USF-XSim-98] *** Running xsim
   with args "testbench_behav -key {Behavioral:sim_1:Functional:testbench} -tclbatch {testbench.tcl} -log {simulate.log}"
INFO: [USF-XSim-8] Loading simulator feature
Vivado Simulator 2018.3
Time resolution is 1 ps
source testbench.tcl
# set curr_wave [current_wave_config]
# if { [string length $curr_wave] == 0 } {
#   if { [llength [get_objects]] > 0} {
#     add_wave /
#     set_property needs_save false [current_wave_config]
#   } else {
#      send_msg_id Add_Wave-1 WARNING "No top level signals found. Simulator will start without a wave window. If you want to open a wave window go to 'File->New Waveform Configuration' or type 'create_wave_config' in the TCL console."
#   }
# }
# run 1000ns
index 3 finished
====================================
Test end!
----PASS!!!
$finish called at time : 525 ns : File "C:/Users/Administrator/Desktop/decoder_38/testbench.v" Line 95
INFO: [USF-XSim-96] XSim completed. Design snapshot 'testbench_behav' loaded.
INFO: [USF-XSim-97] XSim simulation ran for 1000ns
close_sim
INFO: [Simtcl 6-16] Simulation closed
close_sim
INFO: [Simtcl 6-16] Simulation closed
exit
INFO: [Common 17-206] Exiting Vivado at Wed Nov  3 20:06:06 2021...
